=== Keyword: 주민|등록|번호|신분|운전|면허|여권|건강|보험|진단|자격|증명|재직|졸업|성적|신청|접수|고객|회원|인적사항|사번|직원|본인|인증|인적|월급|연봉|명세|비밀|계약|서약 ===
C:\DESKTOP-3825D2G_20251016_222657\TOP_COPY_100MB\%5b수행계획서%5d%20웰푸드%202025년%20연간%20상시%20취약점%20진단%20(312110970914313802
C:\Users\suminDRM\AppData\Roaming\Microsoft\PowerPoint\%5b수행계획서%5d%20웰푸드%202025년%20연간%20상시%20취약점%20진단%20(312110970914313802
C:\Users\suminDRM\AppData\Roaming\Microsoft\Excel\%5b후지필름%20연간%20상시%20취약점%20진단%5d%20인프라%20취약점%20초기%2312113022744123012
C:\Users\suminDRM\Desktop\25 보안점검\코리아세븐 소스코드 이행점검\2. 2차 보고서\(코리아세븐 택배단말기 구축 프로젝트) 2차 소스코드 취약점 진단 결과
C:\DESKTOP-3825D2G_20251016_222657\TOP_COPY_100MB\(코리아세븐 택배단말기 구축 프로젝트) 3차 소스코드 취약점 진단 결과
C:\Users\suminDRM\Desktop\25 보안점검\코리아세븐 소스코드 이행점검\2. 2차 보고서\(코리아세븐 택배단말기 구축 프로젝트) 3차 소스코드 취약점 진단 결과
C:\Users\suminDRM\OneDrive\바탕 화면\21년 00 전자금융기반시설_상반기 모의해킹 결과보고서\선수민법부법붑법붑비\21년도 결과\03 인프라진단 상세 결과보고서
D:\Users\sumin\OneDrive\바탕 화면\21년 00 전자금융기반시설_상반기 모의해킹 결과보고서\선수민법부법붑법붑비\21년도 결과\03 인프라진단 상세 결과보고서
C:\$Recycle.Bin\S-1-5-21-527048019-3831526476-742819034-1001\$RRBC265\03 진단기준 가이드
C:\DESKTOP-3825D2G_20251016_222657\TOP_COPY_100MB\03 진단기준 가이드
C:\Users\suminDRM\Desktop\25 보안점검\코리아세븐 소스코드 이행점검\2. 2차 보고서\(코리아세븐 택배단말기 구축 프로젝트) 2차 소스코드 취약점 진단 결과\03 진단기준 가이드
C:\Users\suminDRM\Desktop\25 보안점검\코리아세븐 소스코드 이행점검\2. 2차 보고서\1. 소스코드 점검 결과\03 진단기준 가이드
D:\Windows.old\Users\sumin\AppData\Roaming\Microsoft\Word\2025%20펜타온%20상반기%20취약점%20점검%20이행진단%20결과보고서_v1.0%20311801362239546814
D:\Windows.old\Users\sumin\AppData\Roaming\Microsoft\Word\2025%20펜타온%20상반기%20취약점%20점검%20이행진단%20결과보고서_v1.2311802832506652076
D:\Windows.old\Users\sumin\AppData\Roaming\Microsoft\Word\2025%20펜타온%20상반기%20취약점%20점검%20초기진단%20결과보고서_v1.2311801132687288745
C:\DESKTOP-3825D2G_20251016_222657\TOP_COPY_100MB\6. 롯데건설 앱 토큰 인증 개발 기술지원 프로젝트
C:\Users\suminDRM\Desktop\25 SI\6. 롯데건설 앱 토큰 인증 개발 기술지원 프로젝트
C:\Users\suminDRM\Downloads\[롯데면세점] LDFPAY 마케팅 개선 프로젝트 소스코드 2차진단 결과보고서_v1.0
D:\Users\sumin\Downloads\[롯데컬처웍스]전자구매시스템_소스코드_취약점이행진단_결과보고서
D:\Users\sumin\Downloads\[큐브리펀드 클라우드 전환 프로젝트] 1차 소스코드 진단 결과보고서
D:\Users\sumin\Downloads\[큐브리펀드 클라우드 전환 프로젝트] 1차 소스코드 진단 결과보고서\[큐브리펀드 클라우드 전환 프로젝트] 1차 소스코드 진단 결과보고서
C:\Users\suminDRM\Downloads\후지필름 연간 상시 취약점 진단 점검 결과 보고서(웹,인프라)\[후지필름 연간 상시 취약점 진단] 인프라 취약점 초기 점검 보고서
C:\Users\suminDRM\Downloads\_[롯데GRS E-HR 개선 및 모바일 시스템 구축] 1차 모바일 소스코드 진단 품질검수 관련 산출물 전달의 건
D:\Users\sumin\Downloads\_[롯데GRS E-HR 개선 및 모바일 시스템 구축] 1차 모바일 소스코드 진단 품질검수 관련 산출물 전달의 건
C:\DESKTOP-3825D2G_20251016_222657\TOP_COPY_100MB\KIST 서버 이행점검 진단
C:\Users\suminDRM\Desktop\25 보안점검\KIST 서버 이행점검 진단
C:\Users\suminDRM\Downloads\SSL사설인증서
D:\Users\sumin\Downloads\160. WEB, WAS\TND1608_tnd_Apache(CentOS, Rocky-httpd) 진단 스크립트_v2.0
D:\Users\sumin\Downloads\160. WEB, WAS(지성식 프로님의 골 수 )\TND1608_tnd_Apache(CentOS, Rocky-httpd) 진단 스크립트_v2.0
D:\Users\sumin\Downloads\160. WEB, WAS\TND1609_tnd_Apache(Ubuntu-apache2) 진단 스크립트_v2.0
D:\Users\sumin\Downloads\160. WEB, WAS(지성식 프로님의 골 수 )\TND1609_tnd_Apache(Ubuntu-apache2) 진단 스크립트_v2.0
D:\Users\sumin\Downloads\160. WEB, WAS\TND1611_tnd_Tomcat 진단 스크립트_v2.0
D:\Users\sumin\Downloads\160. WEB, WAS\TND1612_tnd_NginX 진단 스크립트_v3.0
D:\Users\sumin\Downloads\글로벌로지스 공실관리시스템 개발 프로젝트 1차진단 결과 보고
D:\Users\sumin\Downloads\글로벌로지스 공실관리시스템 개발 프로젝트 1차진단 결과 보고\글로벌로지스 공실관리시스템 개발 프로젝트 1차진단 결과 보고
D:\Users\sumin\Downloads\글로벌로지스 공실관리시스템 개발 프로젝트 1차진단 결과 보고_v1.1\글로벌로지스 공실관리시스템 개발 프로젝트 1차진단 결과 보고
D:\Users\sumin\Downloads\글로벌로지스 공실관리시스템 개발 프로젝트 1차진단 결과 보고_v1.1
D:\Users\sumin\Desktop\글로벌로지스_공실관리시스템개발프로젝트_이행점검_진단결과
D:\Users\sumin\Downloads\모의해킹 보고서 자동화_v1.0 (2)\롯데칠성 관리자페이지\IA\로그인 2차 인증 시 인증방법 임의 변경 가능1(OTP)
D:\Users\sumin\Downloads\모의해킹 보고서 자동화_v1.0 (2)\롯데칠성 관리자페이지\IA\로그인 2차 인증 시 인증방법 임의 변경 가능2(email)
C:\Users\suminDRM\Downloads\_[롯데GRS E-HR 개선 및 모바일 시스템 구축] 1차 모바일 소스코드 진단 품질검수 관련 산출물 전달의 건\롯데GRS E-HR 개선 및 모바일 시스템 구축 소스코드 1차 진단
D:\Users\sumin\Downloads\_[롯데GRS E-HR 개선 및 모바일 시스템 구축] 1차 모바일 소스코드 진단 품질검수 관련 산출물 전달의 건\롯데GRS E-HR 개선 및 모바일 시스템 구축 소스코드 1차 진단
C:\Users\suminDRM\Downloads\_[롯데GRS E-HR 개선 및 모바일 시스템 구축] 1차 모바일 소스코드 진단 품질검수 관련 산출물 전달의 건\롯데GRS E-HR 개선 및 모바일 시스템 구축 소스코드 1차 진단_전체 결과
D:\Users\sumin\Downloads\_[롯데GRS E-HR 개선 및 모바일 시스템 구축] 1차 모바일 소스코드 진단 품질검수 관련 산출물 전달의 건\롯데GRS E-HR 개선 및 모바일 시스템 구축 소스코드 1차 진단_전체 결과
C:\DESKTOP-3825D2G_20251016_222657\TOP_COPY_100MB\롯데건설_인프라진단 결과
C:\Users\suminDRM\Downloads\롯데건설_인프라진단 결과
C:\DESKTOP-3825D2G_20251016_222657\TOP_COPY_100MB\롯데호텔%202025년%20정보보호시스템%20취약점%20진단(사업장%20물리침투)%20계획312109782361495065
D:\Users\sumin\AppData\Roaming\Microsoft\PowerPoint\롯데호텔%202025년%20정보보호시스템%20취약점%20진단(사업장%20물리침투)%20계획312109782361495065
D:\$Recycle.Bin\S-1-5-21-3565367342-1950109929-4079783795-1001\$RVPI3ZC\상품이미지 대량등록 관리
C:\DESKTOP-3825D2G_20251016_222657\TOP_COPY_100MB\코리아세븐_안드로이드POS_프로젝트_보안진단
C:\DESKTOP-3825D2G_20251016_222657\TOP_COPY_100MB\코리아세븐_안드로이드POS_프로젝트_보안진단\코리아세븐_안드로이드POS_프로젝트_보안진단
C:\Users\suminDRM\Downloads\코리아세븐_안드로이드POS_프로젝트_보안진단
C:\Users\suminDRM\Downloads\코리아세븐_안드로이드POS_프로젝트_보안진단\코리아세븐_안드로이드POS_프로젝트_보안진단
C:\Users\suminDRM\Downloads\후지필름 연간 상시 취약점 진단 점검 결과 보고서(웹,인프라)
D:\Users\sumin\Downloads\후지필름 연간 상시 취약점 진단 점검 결과 보고서(웹,인프라)
C:\DESKTOP-3825D2G_20251016_222657\TOP_COPY_100MB\%5b수행계획서%5d%20웰푸드%202025년%20연간%20상시%20취약점%20진단%20(((Autorecovered-312111731281875393)).ppt
C:\Users\suminDRM\AppData\Roaming\Microsoft\PowerPoint\%5b수행계획서%5d%20웰푸드%202025년%20연간%20상시%20취약점%20진단%20(312110970914313802\%5b수행계획서%5d%20웰푸드%202025년%20연간%20상시%20취약점%20진단%20(((Autorecovered-312111731281875393)).ppt
C:\DESKTOP-3825D2G_20251016_222657\TOP_COPY_100MB\%5b수행계획서%5d%20웰푸드%202025년%20연간%20상시%20취약점%20진단%20(((Autorecovered-312111733460978144)).ppt
C:\Users\suminDRM\AppData\Roaming\Microsoft\PowerPoint\%5b수행계획서%5d%20웰푸드%202025년%20연간%20상시%20취약점%20진단%20(312110970914313802\%5b수행계획서%5d%20웰푸드%202025년%20연간%20상시%20취약점%20진단%20(((Autorecovered-312111733460978144)).ppt
C:\DESKTOP-3825D2G_20251016_222657\TOP_COPY_100MB\%5b수행계획서%5d%20웰푸드%202025년%20연간%20상시%20취약점%20진단%20(((Autorecovered-312111741071234895)).ppt
C:\Users\suminDRM\AppData\Roaming\Microsoft\PowerPoint\%5b수행계획서%5d%20웰푸드%202025년%20연간%20상시%20취약점%20진단%20(312110970914313802\%5b수행계획서%5d%20웰푸드%202025년%20연간%20상시%20취약점%20진단%20(((Autorecovered-312111741071234895)).ppt
C:\DESKTOP-3825D2G_20251016_222657\TOP_COPY_100MB\%5b수행계획서%5d%20웰푸드%202025년%20연간%20상시%20취약점%20진단%20(((Autorecovered-312111742160640152)).ppt
C:\Users\suminDRM\AppData\Roaming\Microsoft\PowerPoint\%5b수행계획서%5d%20웰푸드%202025년%20연간%20상시%20취약점%20진단%20(312110970914313802\%5b수행계획서%5d%20웰푸드%202025년%20연간%20상시%20취약점%20진단%20(((Autorecovered-312111742160640152)).ppt
C:\DESKTOP-3825D2G_20251016_222657\TOP_COPY_100MB\%5b수행계획서%5d%20웰푸드%202025년%20연간%20상시%20취약점%20진단%20(((Autorecovered-312111743571447686)).ppt
C:\Users\suminDRM\AppData\Roaming\Microsoft\PowerPoint\%5b수행계획서%5d%20웰푸드%202025년%20연간%20상시%20취약점%20진단%20(312110970914313802\%5b수행계획서%5d%20웰푸드%202025년%20연간%20상시%20취약점%20진단%20(((Autorecovered-312111743571447686)).ppt
C:\Users\suminDRM\AppData\Roaming\Microsoft\PowerPoint\%5b수행계획서%5d%20웰푸드%202025년%20연간%20상시%20취약점%20진단%20(312110970914313802\%5b수행계획서%5d%20웰푸드%202025년%20연간%20상시%20취약점%20진단%20(1).pptx.lnk
C:\Users\suminDRM\AppData\Roaming\Microsoft\Excel\%5b후지필름%20연간%20상시%20취약점%20진단%5d%20인프라%20취약점%20초기%2312113022744123012\%5b후지필름%20연간%20상시%20취약점%20진단%5d%20인프라%20취약점%20초기%2((Unsaved-312113780377166208)).xlsb
C:\Users\suminDRM\AppData\Roaming\Microsoft\Excel\%5b후지필름%20연간%20상시%20취약점%20진단%5d%20인프라%20취약점%20초기%2312113022744123012\%5b후지필름%20연간%20상시%20취약점%20진단%5d%20인프라%20취약점%20초기%20점검%20통합%20보고서.xlsx.lnk
C:\Users\suminDRM\Downloads\'25.1Q 정보보호 실무위원회_그룹 통합 보안진단 계획 공유_v1.0_통합.pptx
C:\Users\suminDRM\Downloads\'25.2Q 정보보호 실무위원회_그룹 통합 보안진단 계획 공유_v0.935.pptx
C:\DESKTOP-3825D2G_20251016_222657\TOP_COPY_100MB\'25.2Q 정보보호 실무위원회_그룹 통합 보안진단 계획 공유_v0.936.pptx
C:\Users\suminDRM\Downloads\'25.2Q 정보보호 실무위원회_그룹 통합 보안진단 계획 공유_v0.936.pptx
D:\Users\sumin\Downloads\'25.2Q 정보보호 실무위원회_그룹 통합 보안진단 계획 공유_v0.936.pptx
C:\Users\suminDRM\AppData\Roaming\Microsoft\Windows\Recent\'25.2Q 정보보호 실무위원회_그룹 통합 보안진단 계획 공유_v0.936.pptx.lnk
D:\Users\sumin\AppData\Roaming\Microsoft\Windows\Recent\'25.2Q 정보보호 실무위원회_그룹 통합 보안진단 계획 공유_v0.936.pptx.lnk
C:\DESKTOP-3825D2G_20251016_222657\TOP_COPY_100MB\(2025)소스코드 진단 가이드 방안.xlsm
D:\Users\sumin\Downloads\소스코드 매뉴얼 및 체커 고도화\(2025)소스코드 진단 가이드 방안.xlsm
D:\Users\sumin\AppData\Roaming\Microsoft\Windows\Recent\(DRM해제)견적서_(롯데이노베이트)_OOOO프로젝트 보안진단 견적서_템플릿(ASP,MM 공수 산정)_20250425 (3).xlsx.lnk
C:\DESKTOP-3825D2G_20251016_222657\TOP_COPY_100MB\(DRM해제)견적서_(롯데이노베이트)_OOOO프로젝트 보안진단 견적서_템플릿(ASP,MM 공수 산정)_20250822.xlsx
C:\Users\suminDRM\Downloads\(DRM해제)견적서_(롯데이노베이트)_OOOO프로젝트 보안진단 견적서_템플릿(ASP,MM 공수 산정)_20250822.xlsx
D:\Users\sumin\Downloads\(DRM해제)견적서_(롯데이노베이트)_OOOO프로젝트 보안진단 견적서_템플릿(ASP,MM 공수 산정)_20250822.xlsx
D:\Users\sumin\AppData\Roaming\Microsoft\Windows\Recent\(DRM해제)견적서_(롯데이노베이트)_OOOO프로젝트 보안진단 견적서_템플릿(ASP,MM 공수 산정)_20250822.xlsx.lnk
C:\DESKTOP-3825D2G_20251016_222657\TOP_COPY_100MB\(DRM해제)견적서_(롯데이노베이트)_OOOO프로젝트 보안진단 견적서_템플릿(공수산정포함)_20250425 (1).xlsx
C:\Users\suminDRM\Downloads\(DRM해제)견적서_(롯데이노베이트)_OOOO프로젝트 보안진단 견적서_템플릿(공수산정포함)_20250425 (1).xlsx
D:\Users\sumin\Downloads\(DRM해제)견적서_(롯데이노베이트)_OOOO프로젝트 보안진단 견적서_템플릿(공수산정포함)_20250425 (1).xlsx
C:\DESKTOP-3825D2G_20251016_222657\TOP_COPY_100MB\(DRM해제)견적서_(롯데이노베이트)_OOOO프로젝트 보안진단 견적서_템플릿(공수산정포함)_20250425 (2).xlsx
C:\Users\suminDRM\Downloads\(DRM해제)견적서_(롯데이노베이트)_OOOO프로젝트 보안진단 견적서_템플릿(공수산정포함)_20250425 (2).xlsx
D:\Users\sumin\Downloads\(DRM해제)견적서_(롯데이노베이트)_OOOO프로젝트 보안진단 견적서_템플릿(공수산정포함)_20250425 (2).xlsx
C:\DESKTOP-3825D2G_20251016_222657\TOP_COPY_100MB\(DRM해제)견적서_(롯데이노베이트)_OOOO프로젝트 보안진단 견적서_템플릿(공수산정포함)_20250425 (3).xlsx
D:\Users\sumin\Downloads\(DRM해제)견적서_(롯데이노베이트)_OOOO프로젝트 보안진단 견적서_템플릿(공수산정포함)_20250425 (3).xlsx
D:\Users\sumin\AppData\Roaming\Microsoft\Windows\Recent\(DRM해제)견적서_(롯데이노베이트)_OOOO프로젝트 보안진단 견적서_템플릿(공수산정포함)_20250425 (3).xlsx.lnk
C:\DESKTOP-3825D2G_20251016_222657\TOP_COPY_100MB\(DRM해제)견적서_(롯데이노베이트)_OOOO프로젝트 보안진단 견적서_템플릿(공수산정포함)_20250425.xlsx
C:\Users\suminDRM\Desktop\25 SI\0. 견적서 템플릿\(DRM해제)견적서_(롯데이노베이트)_OOOO프로젝트 보안진단 견적서_템플릿(공수산정포함)_20250425.xlsx
C:\Users\suminDRM\Desktop\25 SI\7. GRS\(DRM해제)견적서_(롯데이노베이트)_OOOO프로젝트 보안진단 견적서_템플릿(공수산정포함)_20250425.xlsx
C:\Users\suminDRM\Desktop\25 SI\8. 후지 ERP 구축?프로젝트\(DRM해제)견적서_(롯데이노베이트)_OOOO프로젝트 보안진단 견적서_템플릿(공수산정포함)_20250425.xlsx
C:\Users\suminDRM\Desktop\25 SI\9. 롯데케미칼 데이터 플랫폼 구축 프로젝트\(DRM해제)견적서_(롯데이노베이트)_OOOO프로젝트 보안진단 견적서_템플릿(공수산정포함)_20250425.xlsx
C:\Users\suminDRM\Downloads\(DRM해제)견적서_(롯데이노베이트)_OOOO프로젝트 보안진단 견적서_템플릿(공수산정포함)_20250425.xlsx
D:\Users\sumin\Downloads\(DRM해제)견적서_(롯데이노베이트)_OOOO프로젝트 보안진단 견적서_템플릿(공수산정포함)_20250425.xlsx
C:\Users\suminDRM\Downloads\(drm해지)견적서_(롯데이노베이트)_GRS 정산시스템 구축 취약점 진단_20251017.pdf
C:\Users\suminDRM\AppData\Roaming\Microsoft\Windows\Recent\(drm해지)견적서_(롯데이노베이트)_GRS 정산시스템 구축 취약점 진단_20251017.pdf.lnk
C:\DESKTOP-3825D2G_20251016_222657\TOP_COPY_100MB\(김건휘)롯데건설투입서류_보안서약서(외부인력용).pdf
C:\Users\suminDRM\Downloads\(김건휘)롯데건설투입서류_보안서약서(외부인력용).pdf
C:\Users\suminDRM\Desktop\25 보안점검\직무관리시스템 Saas 구축 소스점검\5. 스패로우(파트너사 전달용)\5. 스패로우(파트너사 전달용)\2. 템플릿\소스코드 취약점 점검 사전 전달 자료\01. 결과보고서\(양식)[프로젝트명] 1차 소스코드 진단 결과보고서.pptx
C:\Users\suminDRM\Downloads\[보안컨설팅팀] 각 사업 담당 PM 서류 작성 요청의 건 (회신 _ 10_17 오전 11시까지)\★ 대홍기획 2025년 연간 취약점 점검\★ 대홍기획 2025년 연간 취약점 점검\(참고용)계약서_대홍기획 2024년 연간 취약점 점검.docx
C:\Users\suminDRM\Downloads\★ 대홍기획 2025년 연간 취약점 점검\★ 대홍기획 2025년 연간 취약점 점검\(참고용)계약서_대홍기획 2024년 연간 취약점 점검.docx
C:\$Recycle.Bin\S-1-5-21-527048019-3831526476-742819034-1001\$RRBC265\01 결과보고서\(코리아세븐 택배단말기 구축 프로젝트) 2차 소스코드 진단 결과보고서.pptx
C:\Users\suminDRM\Downloads\(코리아세븐 택배단말기 구축 프로젝트) 2차 소스코드 취약점 진단 결과(1).zip
C:\Users\suminDRM\Downloads\(코리아세븐 택배단말기 구축 프로젝트) 2차 소스코드 취약점 진단 결과.zip
C:\Users\suminDRM\Downloads\(코리아세븐 택배단말기 구축 프로젝트) 2차 인프라 취약점 진단 결과.zip
C:\Users\suminDRM\Desktop\25 보안점검\코리아세븐 소스코드 이행점검\2. 2차 보고서\(코리아세븐 택배단말기 구축 프로젝트) 2차 소스코드 취약점 진단 결과\01 결과보고서\(코리아세븐 택배단말기 구축 프로젝트) 3차 소스코드 진단 결과보고서.pptx
C:\Users\suminDRM\Desktop\25 보안점검\코리아세븐 소스코드 이행점검\2. 2차 보고서\1. 소스코드 점검 결과\01 결과보고서\(코리아세븐 택배단말기 구축 프로젝트) 3차 소스코드 진단 결과보고서.pptx
D:\$Recycle.Bin\S-1-5-21-3565367342-1950109929-4079783795-1001\$RVPI3ZC\상품이미지 대량등록 관리\01 상품이미지 대량등록 관리 메뉴 접근.png
D:\Users\sumin\Downloads\글로벌로지스 공실관리시스템 개발 프로젝트 1차진단 결과 보고\글로벌로지스 공실관리시스템 개발 프로젝트 1차진단 결과 보고\01.상세보고서\01. 글로벌로지스 공실관리시스템 개발 프로젝트_서버(Unix) 취약점진단 상세보고서_v1.0.xlsx
D:\Users\sumin\Downloads\글로벌로지스 공실관리시스템 개발 프로젝트 1차진단 결과 보고_v1.1\글로벌로지스 공실관리시스템 개발 프로젝트 1차진단 결과 보고\01.상세보고서\@old\01. 글로벌로지스 공실관리시스템 개발 프로젝트_서버(Unix) 취약점진단 상세보고서_v1.0.xlsx
D:\Users\sumin\Downloads\글로벌로지스 공실관리시스템 개발 프로젝트 1차진단 결과 보고_v1.1\글로벌로지스 공실관리시스템 개발 프로젝트 1차진단 결과 보고\01.상세보고서\01. 글로벌로지스 공실관리시스템 개발 프로젝트_서버(Unix) 취약점진단 상세보고서_v1.1.xlsx
D:\Users\sumin\Downloads\글로벌로지스 공실관리시스템 개발 프로젝트 1차진단 결과 보고\글로벌로지스 공실관리시스템 개발 프로젝트 1차진단 결과 보고\01.상세보고서\01. 글로벌로지스 공실관리시스템 개발 프로젝트_서버(Unix) 취약점진단 상세보고서_품질관리v1.0.xlsx
C:\$Recycle.Bin\S-1-5-21-527048019-3831526476-742819034-1001\$R40E8BX\01. 글로벌로지스 공실관리시스템 개발 프로젝트_서버(Unix) 취약점진단 이행점검 상세보고서_v0.5.xlsx
C:\$Recycle.Bin\S-1-5-21-527048019-3831526476-742819034-1001\$R40E8BX\01. 글로벌로지스 공실관리시스템 개발 프로젝트_서버(Unix) 취약점진단 이행점검 상세보고서_v0.51.xlsx
C:\$Recycle.Bin\S-1-5-21-527048019-3831526476-742819034-1001\$R40E8BX\01. 글로벌로지스 공실관리시스템 개발 프로젝트_서버(Unix) 취약점진단 이행점검 상세보고서_v1.0.xlsx
D:\Users\sumin\Desktop\글로벌로지스_공실관리시스템개발프로젝트_이행점검_진단결과\01.상세보고서\01. 글로벌로지스 공실관리시스템 개발 프로젝트_서버(Unix) 취약점진단 이행점검 상세보고서_v1.0.xlsx
C:\$Recycle.Bin\S-1-5-21-527048019-3831526476-742819034-1001\$R5K4F1G\01. 상세보고서\01. 롯데건설 현장 근로자 생체신호 측정 솔루션 구축_서버(Unix)_취약점 진단 상세보고서_v1.0.xlsx
C:\$Recycle.Bin\S-1-5-21-527048019-3831526476-742819034-1001\$R5PU3UR\01. 상세보고서\01. 롯데건설 현장 근로자 생체신호 측정 솔루션 구축_서버(Unix)_취약점 진단 상세보고서_v1.0.xlsx
C:\Users\suminDRM\Downloads\롯데건설_인프라진단 결과\01. 상세보고서\01. 롯데건설 현장 근로자 생체신호 측정 솔루션 구축_서버(Unix)_취약점 진단 상세보고서_v1.0.xlsx
D:\Users\sumin\Downloads\모의해킹 보고서 자동화_v1.0 (2)\롯데칠성 관리자페이지\IL\화면상 노출되지 않는 개인정보가 패킷 내 평문 노출\02 화면상에서 고객의 전화번호가 노출되지 않고 있음을 확인.png
D:\Users\sumin\Downloads\글로벌로지스 공실관리시스템 개발 프로젝트 1차진단 결과 보고\글로벌로지스 공실관리시스템 개발 프로젝트 1차진단 결과 보고\01.상세보고서\02. 글로벌로지스 공실관리시스템 개발 프로젝트_DBMS 취약점진단 상세보고서_v1.0.xlsx
D:\Users\sumin\Downloads\글로벌로지스 공실관리시스템 개발 프로젝트 1차진단 결과 보고_v1.1\글로벌로지스 공실관리시스템 개발 프로젝트 1차진단 결과 보고\01.상세보고서\@old\02. 글로벌로지스 공실관리시스템 개발 프로젝트_DBMS 취약점진단 상세보고서_v1.0.xlsx
D:\Users\sumin\Downloads\글로벌로지스 공실관리시스템 개발 프로젝트 1차진단 결과 보고_v1.1\글로벌로지스 공실관리시스템 개발 프로젝트 1차진단 결과 보고\01.상세보고서\02. 글로벌로지스 공실관리시스템 개발 프로젝트_DBMS 취약점진단 상세보고서_v1.1.xlsx
D:\Users\sumin\Downloads\글로벌로지스 공실관리시스템 개발 프로젝트 1차진단 결과 보고\글로벌로지스 공실관리시스템 개발 프로젝트 1차진단 결과 보고\01.상세보고서\02. 글로벌로지스 공실관리시스템 개발 프로젝트_DBMS 취약점진단 상세보고서_품질관리v1.0.xlsx
C:\$Recycle.Bin\S-1-5-21-527048019-3831526476-742819034-1001\$R40E8BX\02. 글로벌로지스 공실관리시스템 개발 프로젝트_DBMS 취약점진단 이행점검 상세보고서_v0.5.xlsx
D:\Users\sumin\Desktop\글로벌로지스_공실관리시스템개발프로젝트_이행점검_진단결과\01.상세보고서\02. 글로벌로지스 공실관리시스템 개발 프로젝트_DBMS 취약점진단 이행점검 상세보고서_v1.0.xlsx
C:\$Recycle.Bin\S-1-5-21-527048019-3831526476-742819034-1001\$R5K4F1G\01. 상세보고서\02. 롯데건설 현장 근로자 생체신호 측정 솔루션 구축_DBMS_취약점 진단 상세보고서_v1.0.xlsx
C:\$Recycle.Bin\S-1-5-21-527048019-3831526476-742819034-1001\$R5PU3UR\01. 상세보고서\02. 롯데건설 현장 근로자 생체신호 측정 솔루션 구축_DBMS_취약점 진단 상세보고서_v1.0.xlsx
C:\Users\suminDRM\Downloads\롯데건설_인프라진단 결과\01. 상세보고서\02. 롯데건설 현장 근로자 생체신호 측정 솔루션 구축_DBMS_취약점 진단 상세보고서_v1.0.xlsx
D:\Users\sumin\Downloads\모의해킹 보고서 자동화_v1.0 (2)\롯데칠성 관리자페이지\IL\화면상 노출되지 않는 개인정보가 패킷 내 평문 노출\03 응답 패킷 내에서 다량의 고객번호가 패킷상에서 노출됨을 확인.png
D:\Users\sumin\Downloads\글로벌로지스 공실관리시스템 개발 프로젝트 1차진단 결과 보고\글로벌로지스 공실관리시스템 개발 프로젝트 1차진단 결과 보고\01.상세보고서\03. 글로벌로지스 공실관리시스템 개발 프로젝트_WEB(Apache) 취약점진단 상세보고서_v1.0.xlsx
D:\Users\sumin\Downloads\글로벌로지스 공실관리시스템 개발 프로젝트 1차진단 결과 보고_v1.1\글로벌로지스 공실관리시스템 개발 프로젝트 1차진단 결과 보고\01.상세보고서\03. 글로벌로지스 공실관리시스템 개발 프로젝트_WEB(Apache) 취약점진단 상세보고서_v1.0.xlsx
C:\$Recycle.Bin\S-1-5-21-527048019-3831526476-742819034-1001\$R40E8BX\03. 글로벌로지스 공실관리시스템 개발 프로젝트_WEB(Apache) 취약점진단 이행점검 상세보고서_v0.5.xlsx
D:\Users\sumin\Desktop\글로벌로지스_공실관리시스템개발프로젝트_이행점검_진단결과\01.상세보고서\03. 글로벌로지스 공실관리시스템 개발 프로젝트_WEB(Apache) 취약점진단 이행점검 상세보고서_v1.0.xlsx
C:\$Recycle.Bin\S-1-5-21-527048019-3831526476-742819034-1001\$R5K4F1G\01. 상세보고서\03. 롯데건설 현장 근로자 생체신호 측정 솔루션 구축WEB(NginX)_취약점 진단 상세보고서_v1.0.xlsx
C:\$Recycle.Bin\S-1-5-21-527048019-3831526476-742819034-1001\$R5PU3UR\01. 상세보고서\03. 롯데건설 현장 근로자 생체신호 측정 솔루션 구축WEB(NginX)_취약점 진단 상세보고서_v1.0.xlsx
C:\Users\suminDRM\Downloads\롯데건설_인프라진단 결과\01. 상세보고서\03. 롯데건설 현장 근로자 생체신호 측정 솔루션 구축WEB(NginX)_취약점 진단 상세보고서_v1.0.xlsx
D:\Users\sumin\Downloads\글로벌로지스 공실관리시스템 개발 프로젝트 1차진단 결과 보고\글로벌로지스 공실관리시스템 개발 프로젝트 1차진단 결과 보고\01.상세보고서\04. 글로벌로지스 공실관리시스템 개발 프로젝트_WAS(WebLogic) 취약점진단 상세보고서_v1.0.xlsx
D:\Users\sumin\Downloads\글로벌로지스 공실관리시스템 개발 프로젝트 1차진단 결과 보고_v1.1\글로벌로지스 공실관리시스템 개발 프로젝트 1차진단 결과 보고\01.상세보고서\04. 글로벌로지스 공실관리시스템 개발 프로젝트_WAS(WebLogic) 취약점진단 상세보고서_v1.0.xlsx
C:\$Recycle.Bin\S-1-5-21-527048019-3831526476-742819034-1001\$R40E8BX\04. 글로벌로지스 공실관리시스템 개발 프로젝트_WAS(WebLogic) 취약점진단 이행진단 상세보고서_v0.5.xlsx
D:\Users\sumin\Desktop\글로벌로지스_공실관리시스템개발프로젝트_이행점검_진단결과\01.상세보고서\04. 글로벌로지스 공실관리시스템 개발 프로젝트_WAS(WebLogic) 취약점진단 이행진단 상세보고서_v1.0.xlsx
C:\$Recycle.Bin\S-1-5-21-527048019-3831526476-742819034-1001\$R5K4F1G\01. 상세보고서\04. 롯데건설 현장 근로자 생체신호 측정 솔루션 구축_WAS(Tomcat)_취약점 진단 상세보고서_v1.0.xlsx
C:\$Recycle.Bin\S-1-5-21-527048019-3831526476-742819034-1001\$R5PU3UR\01. 상세보고서\04. 롯데건설 현장 근로자 생체신호 측정 솔루션 구축_WAS(Tomcat)_취약점 진단 상세보고서_v1.0.xlsx
C:\Users\suminDRM\Downloads\롯데건설_인프라진단 결과\01. 상세보고서\04. 롯데건설 현장 근로자 생체신호 측정 솔루션 구축_WAS(Tomcat)_취약점 진단 상세보고서_v1.0.xlsx
D:\Users\sumin\Downloads\모의해킹 보고서 자동화_v1.0 (2)\롯데칠성 관리자페이지\IL\화면 및 패킷 내 다건의 개인정보 평문 노출\05 회원관리 메뉴에서도 고객의 정보가 다량으로 노출되고 있음을 확인(회원조회,탈퇴 회원 조회,CRM 그룹 리스트 등) .png
D:\Users\sumin\Downloads\모의해킹 보고서 자동화_v1.0 (2)\롯데칠성 관리자페이지\IL\화면 및 패킷 내 다건의 개인정보 평문 노출\06 데이터가 없어 조회 시도 해보지 못한 메뉴에서도 개인정보(이름,전화번호,이메일 등 개인을 식별할 수 있는정보)의 경우 마스킹 처리 필요.png
C:\Users\suminDRM\Downloads\2025 주요정보통신기반시설 인프라 템플릿\1. 상세보고서\1. 2025년_Unix 서버 취약점 진단 상세 보고서.xlsm
D:\Users\sumin\Downloads\2025 주요정보통신기반시설 인프라 템플릿 (1)\1. 상세보고서\1. 2025년_Unix 서버 취약점 진단 상세 보고서.xlsm
D:\Users\sumin\Downloads\2025 주요정보통신기반시설 인프라 템플릿\1. 상세보고서\1. 2025년_Unix 서버 취약점 진단 상세 보고서.xlsm
D:\Users\sumin\Downloads\인프라셀 헝가리 MCS\인프라셀 헝가리 MCS\1. 점검 보고서\2. 인프라\1. 2025년_인프라셀 헝가리 MCS_DBMS 취약점 이행진단 상세 보고서_v2.0.xlsm
D:\Users\sumin\AppData\Roaming\Microsoft\Windows\Recent\1. 2025년_인프라셀 헝가리 MCS_DBMS 취약점 이행진단 상세 보고서_v2.0.xlsm.lnk
D:\Users\sumin\Downloads\인프라셀 헝가리 MCS\인프라셀 헝가리 MCS\1. 점검 보고서\2. 인프라\1. 2025년_인프라셀 헝가리 MCS_DBMS 취약점 진단 상세 보고서_v2.0.xlsm
D:\Users\sumin\AppData\Roaming\Microsoft\Windows\Recent\1. 2025년_인프라셀 헝가리 MCS_DBMS 취약점 진단 상세 보고서_v2.0.xlsm.lnk
D:\Users\sumin\Downloads\인프라셀 헝가리 MCS\인프라셀 헝가리 MCS\1. 점검 보고서\2. 인프라\1. 2025년_인프라셀 헝가리 MCS_Unix 서버 취약점 진단 상세 보고서_v2.0.xlsm
D:\Users\sumin\Desktop\25 보안점검\1. 2025년_인프라셀 헝가리 MCS_Windows 서버 취약점 이행진단 상세 보고서_v2.0.xlsm
D:\Users\sumin\AppData\Roaming\Microsoft\Windows\Recent\1. 2025년_인프라셀 헝가리 MCS_Windows 서버 취약점 이행진단 상세 보고서_v2.0.xlsm.lnk
D:\Users\sumin\Downloads\인프라셀 헝가리 MCS\인프라셀 헝가리 MCS\1. 점검 보고서\2. 인프라\1. 2025년_인프라셀 헝가리 MCS_Windows 서버 취약점 진단 상세 보고서_v2.0.xlsm
D:\Users\sumin\AppData\Roaming\Microsoft\Windows\Recent\1. 2025년_인프라셀 헝가리 MCS_Windows 서버 취약점 진단 상세 보고서_v2.0.xlsm.lnk
D:\Users\sumin\Desktop\25 AWS 스크립트\old\11_3_고객관리형_AWS.py
C:\DESKTOP-3825D2G_20251016_222657\TOP_COPY_100MB\1차 진단 결과_DB.zip
C:\Users\suminDRM\Downloads\1차 진단 결과_DB.zip
D:\Users\sumin\Downloads\[큐브리펀드 클라우드 전환 프로젝트] 1차 소스코드 진단 결과보고서\[큐브리펀드 클라우드 전환 프로젝트] 1차 소스코드 진단 결과보고서\02 발견취약점리스트\1차_발견취약점리스트_[No7] 가맹점 물품 신청 & 관리.xlsx
D:\Users\sumin\Downloads\[큐브리펀드 클라우드 전환 프로젝트] 1차 소스코드 진단 결과보고서\[큐브리펀드 클라우드 전환 프로젝트] 1차 소스코드 진단 결과보고서\03 불필요한 파일확인\1차_불필요한 파일확인_[No7] 가맹점 물품 신청 & 관리 - 복사본.xls
D:\Users\sumin\Downloads\모의해킹 보고서 자동화_v1.0 (2)\롯데칠성 관리자페이지\IA\로그인 2차 인증 시 인증방법 임의 변경 가능2(email)\2 2차 인증 시, 운영자가 설정한 인증 수단(현재 SMS로 설정되어있음)으로 인증을 수행하고 있음을 확인.png
D:\Users\sumin\Downloads\모의해킹 보고서 자동화_v1.0 (2)\롯데칠성 관리자페이지\IA\로그인 2차 인증 시 인증방법 임의 변경 가능1(OTP)\2 로그인 시, 응답 값에서 인증 타입 파라미터(type)변조 시도.png
D:\$Recycle.Bin\S-1-5-21-3565367342-1950109929-4079783795-1001\$RVPI3ZC\상품이미지 대량등록 관리\2 이미지 등록 버튼 클릭.png
C:\Users\suminDRM\Downloads\2025 주요정보통신기반시설 인프라 템플릿\1. 상세보고서\2. 2025년_Windows 서버 취약점 진단 상세 보고서.xlsm
D:\Users\sumin\Downloads\2025 주요정보통신기반시설 인프라 템플릿 (1)\1. 상세보고서\2. 2025년_Windows 서버 취약점 진단 상세 보고서.xlsm
D:\Users\sumin\Downloads\2025 주요정보통신기반시설 인프라 템플릿\1. 상세보고서\2. 2025년_Windows 서버 취약점 진단 상세 보고서.xlsm
D:\Users\sumin\Downloads\2. 2025년_Windows 서버 취약점 진단 상세 보고서_이행결과.xlsm
D:\Users\sumin\AppData\Roaming\Microsoft\Windows\Recent\2. 2025년_Windows 서버 취약점 진단 상세 보고서_이행결과.xlsm.lnk
D:\Temp\HanaSolution\DEV_software\003_ChakraMax\2. 샤크라맥스 설치정보 유저권한 등록.reg
D:\Temp\HanaSolution\DEV_software\002_Orange6.0\1. Orange6_ora_std_KR\20160823_Orange_하나생명보험주식회사_개발자.jpg
D:\Temp\HanaSolution\DEV_software\002_Orange6.0\1. Orange6_ora_std_KR\20160823_Orange_하나생명보험주식회사_현업.jpg
D:\Users\sumin\AppData\Roaming\Microsoft\Windows\Recent\20230911_선수민((헬스케어사)롯데정보통신)님_건강검진결과서.lnk
D:\Users\sumin\Downloads\20230911_선수민((헬스케어사)롯데정보통신)님_건강검진결과서.pdf
D:\Users\sumin\Downloads\2025 펜타온 상반기 취약점 점검 이행진단 결과보고서_v1.0 (1).docx
D:\Users\sumin\AppData\Roaming\Microsoft\Windows\Recent\2025 펜타온 상반기 취약점 점검 이행진단 결과보고서_v1.0 (1).docx.lnk
D:\Windows.old\Users\sumin\AppData\Roaming\Microsoft\Office\Recent\2025 펜타온 상반기 취약점 점검 이행진단 결과보고서_v1.0 (1).docx.LNK
D:\Users\sumin\Downloads\2025 펜타온 상반기 취약점 점검 이행진단 결과보고서_v1.0.docx
D:\Users\sumin\AppData\Roaming\Microsoft\Windows\Recent\2025 펜타온 상반기 취약점 점검 이행진단 결과보고서_v1.0.docx.lnk
D:\Windows.old\Users\sumin\AppData\Roaming\Microsoft\Office\Recent\2025 펜타온 상반기 취약점 점검 이행진단 결과보고서_v1.0.docx.LNK
D:\Users\sumin\Downloads\2025 펜타온 상반기 취약점 점검 이행진단 결과보고서_v1.1 (1).docx
D:\Users\sumin\Downloads\2025 펜타온 상반기 취약점 점검 이행진단 결과보고서_v1.1.docx
D:\Users\sumin\AppData\Roaming\Microsoft\Windows\Recent\2025 펜타온 상반기 취약점 점검 이행진단 결과보고서_v1.1.docx.lnk
D:\Windows.old\Users\sumin\AppData\Roaming\Microsoft\Office\Recent\2025 펜타온 상반기 취약점 점검 이행진단 결과보고서_v1.1.docx.LNK
D:\Users\sumin\Downloads\2025 펜타온 상반기 취약점 점검 이행진단 결과보고서_v1.2.docx
D:\Users\sumin\AppData\Roaming\Microsoft\Windows\Recent\2025 펜타온 상반기 취약점 점검 이행진단 결과보고서_v1.2.docx.lnk
D:\Windows.old\Users\sumin\AppData\Roaming\Microsoft\Office\Recent\2025 펜타온 상반기 취약점 점검 이행진단 결과보고서_v1.2.docx.LNK
D:\Users\sumin\Downloads\2025 펜타온 상반기 취약점 점검 초기진단 결과보고서_v1.2.docx
D:\Users\sumin\AppData\Roaming\Microsoft\Windows\Recent\2025 펜타온 상반기 취약점 점검 초기진단 결과보고서_v1.2.docx.lnk
D:\Windows.old\Users\sumin\AppData\Roaming\Microsoft\Word\2025%20펜타온%20상반기%20취약점%20점검%20이행진단%20결과보고서_v1.0%20311801362239546814\2025%20펜타온%20상반기%20취약점%20점검%20이행진단%20결과보고서_v1.0%20((Autorecovered-311802114116840544)).asd
D:\Windows.old\Users\sumin\AppData\Roaming\Microsoft\Word\2025%20펜타온%20상반기%20취약점%20점검%20이행진단%20결과보고서_v1.0%20311801362239546814\2025%20펜타온%20상반기%20취약점%20점검%20이행진단%20결과보고서_v1.0%20((Autorecovered-311802132965695952)).asd
D:\Windows.old\Users\sumin\AppData\Roaming\Microsoft\Word\2025%20펜타온%20상반기%20취약점%20점검%20이행진단%20결과보고서_v1.0%20311801362239546814\2025%20펜타온%20상반기%20취약점%20점검%20이행진단%20결과보고서_v1.0%20(1).docx.lnk
D:\Windows.old\Users\sumin\AppData\Roaming\Microsoft\Word\2025%20펜타온%20상반기%20취약점%20점검%20이행진단%20결과보고서_v1.2311802832506652076\2025%20펜타온%20상반기%20취약점%20점검%20이행진단%20결과보고서_v1.2((Unsaved-311803601811023440)).asd
D:\Windows.old\Users\sumin\AppData\Roaming\Microsoft\Word\2025%20펜타온%20상반기%20취약점%20점검%20이행진단%20결과보고서_v1.2311802832506652076\2025%20펜타온%20상반기%20취약점%20점검%20이행진단%20결과보고서_v1.2.docx.lnk
D:\Windows.old\Users\sumin\AppData\Roaming\Microsoft\Word\2025%20펜타온%20상반기%20취약점%20점검%20초기진단%20결과보고서_v1.2311801132687288745\2025%20펜타온%20상반기%20취약점%20점검%20초기진단%20결과보고서_v1.2((Autorecovered-311801890269571056)).asd
D:\Windows.old\Users\sumin\AppData\Roaming\Microsoft\Word\2025%20펜타온%20상반기%20취약점%20점검%20초기진단%20결과보고서_v1.2311801132687288745\2025%20펜타온%20상반기%20취약점%20점검%20초기진단%20결과보고서_v1.2.docx.lnk
C:\Users\suminDRM\Downloads\2025년_SW보안약점 진단원 양성과정__(PW_kisasw2025_출력가능).pdf
C:\DESKTOP-3825D2G_20251016_222657\TOP_COPY_100MB\2025년도 VADA 솔루션 웹 취약점 초기진단 결과보고서_v1.0_20250822_164721.docx
C:\Users\suminDRM\Downloads\모의해킹 보고서 자동화_v1.0\2025년도 VADA 솔루션 웹 취약점 초기진단 결과보고서_v1.0_20250822_164721.docx
C:\Users\suminDRM\AppData\Roaming\Microsoft\Windows\Recent\2025년도 VADA 솔루션 웹 취약점 초기진단 결과보고서_v1.0_20250822_164721.docx.lnk
C:\Users\suminDRM\AppData\Roaming\Microsoft\Windows\Recent\2025년도 VADA 웹 취약점 초기진단 결과보고서_v1.0_20250822_164534.docx.lnk
D:\Users\sumin\Downloads\모의해킹 보고서 자동화_v1.0 (2)\2025년도 롯데칠성 관리자페이지 웹 취약점 초기진단 결과보고서_v1.0.docx
D:\Users\sumin\Downloads\모의해킹 보고서 자동화_v1.0 (2)\2025년도 롯데칠성 관리자페이지 웹 취약점 초기진단 결과보고서_v1.0.zip
D:\Users\sumin\Downloads\인프라셀 헝가리 MCS\인프라셀 헝가리 MCS\1. 점검 보고서\1. 모의해킹\2025년도 인프라셀 헝가리 MCS 웹 취약점 초기진단 결과보고서_v1.0.docx
D:\Users\sumin\Downloads\모의해킹 보고서 자동화_v1.0 (2)\롯데칠성 관리자페이지\IA\로그인 2차 인증 시 인증방법 임의 변경 가능1(OTP)\3 OTP인증 키를 등록하지않은 상태라면 등록하는 QR이 보이며, Google Authenticator 에서 등록 가능.png
D:\Users\sumin\Downloads\모의해킹 보고서 자동화_v1.0 (2)\롯데칠성 관리자페이지\IA\로그인 2차 인증 시 인증방법 임의 변경 가능2(email)\3 인증번호 발송 버튼 클릭.png
C:\Users\suminDRM\Downloads\2025 주요정보통신기반시설 인프라 템플릿\1. 상세보고서\3. 2025년_네트워크 장비 취약점 진단 상세 보고서.xlsm
D:\Users\sumin\Downloads\2025 주요정보통신기반시설 인프라 템플릿 (1)\1. 상세보고서\3. 2025년_네트워크 장비 취약점 진단 상세 보고서.xlsm
D:\Users\sumin\Downloads\2025 주요정보통신기반시설 인프라 템플릿\1. 상세보고서\3. 2025년_네트워크 장비 취약점 진단 상세 보고서.xlsm
D:\Users\sumin\Downloads\모의해킹 보고서 자동화_v1.0 (2)\롯데칠성 관리자페이지\IA\로그인 2차 인증 시 인증방법 임의 변경 가능1(OTP)\4 구글 인증 앱에 있는 인증번호 입력 시, 성공적으로 인증이 수행되어 로그인이 승인됨.png
D:\Users\sumin\Downloads\모의해킹 보고서 자동화_v1.0 (2)\롯데칠성 관리자페이지\IA\로그인 2차 인증 시 인증방법 임의 변경 가능2(email)\4 요청 값 내 인증 타입(type) 파라미터 변조 시도.png
C:\Users\suminDRM\Downloads\2025 주요정보통신기반시설 인프라 템플릿\1. 상세보고서\4. 2025년_보안장비 취약점 진단 상세 보고서.xlsm
D:\Users\sumin\Downloads\2025 주요정보통신기반시설 인프라 템플릿 (1)\1. 상세보고서\4. 2025년_보안장비 취약점 진단 상세 보고서.xlsm
D:\Users\sumin\Downloads\2025 주요정보통신기반시설 인프라 템플릿\1. 상세보고서\4. 2025년_보안장비 취약점 진단 상세 보고서.xlsm
D:\Users\sumin\Downloads\모의해킹 보고서 자동화_v1.0 (2)\롯데칠성 관리자페이지\IA\로그인 2차 인증 시 인증방법 임의 변경 가능2(email)\5 사전에 등록한 이메일로 인증번호 수신 확인.png
D:\Users\sumin\Downloads\모의해킹 보고서 자동화_v1.0 (2)\롯데칠성 관리자페이지\IA\로그인 2차 인증 시 인증방법 임의 변경 가능1(OTP)\5 이후 로그인 시, 등록된 단말기로 로그인 가능.png
C:\Users\suminDRM\Downloads\2025 주요정보통신기반시설 인프라 템플릿\1. 상세보고서\5. 2025년_DBMS 취약점 진단 상세 보고서.xlsm
D:\Users\sumin\Downloads\2025 주요정보통신기반시설 인프라 템플릿 (1)\1. 상세보고서\5. 2025년_DBMS 취약점 진단 상세 보고서.xlsm
D:\Users\sumin\Downloads\2025 주요정보통신기반시설 인프라 템플릿\1. 상세보고서\5. 2025년_DBMS 취약점 진단 상세 보고서.xlsm
D:\Users\sumin\Downloads\모의해킹 보고서 자동화_v1.0 (2)\롯데칠성 관리자페이지\IA\로그인 2차 인증 시 인증방법 임의 변경 가능2(email)\6 인증번호 입력 후 인증완료 버튼 클릭.png
C:\Users\suminDRM\AppData\Roaming\Microsoft\Windows\Recent\6. 롯데건설 앱 토큰 인증 개발 기술지원 프로젝트.lnk
D:\Users\sumin\Downloads\모의해킹 보고서 자동화_v1.0 (2)\롯데칠성 관리자페이지\IA\로그인 2차 인증 시 인증방법 임의 변경 가능2(email)\7 요청 값 내 인증 타입(type) 파라미터 변조 시도.png
D:\Users\sumin\Downloads\모의해킹 보고서 자동화_v1.0 (2)\롯데칠성 관리자페이지\IA\로그인 2차 인증 시 인증방법 임의 변경 가능2(email)\9 사용자가 사전에 입력한 이메일 정보가 2차 인증 시도 시 평문으로 노출되고 있으므로 해당정보 활용 가능.png
C:\DESKTOP-3825D2G_20251016_222657\TOP_COPY_100MB\97년생여기준_DB손보건강고지형_20년납90세만기.pdf
C:\Users\suminDRM\Documents\카카오톡 받은 파일\97년생여기준_DB손보건강고지형_20년납90세만기.pdf
C:\DESKTOP-3825D2G_20251016_222657\TOP_COPY_100MB\97년생여기준_KB손보건강고지형_20년납90세만기(수술비, 입원비).pdf
C:\Users\suminDRM\Documents\카카오톡 받은 파일\97년생여기준_KB손보건강고지형_20년납90세만기(수술비, 입원비).pdf
C:\DESKTOP-3825D2G_20251016_222657\TOP_COPY_100MB\97년생여기준_농협손보건강고지형_20년납90세만기(3대진단비, 비급여암치료).pdf
C:\Users\suminDRM\Documents\카카오톡 받은 파일\97년생여기준_농협손보건강고지형_20년납90세만기(3대진단비, 비급여암치료).pdf
C:\DESKTOP-3825D2G_20251016_222657\TOP_COPY_100MB\97년생여기준_농협손보건강고지형_20년납90세만기.pdf
C:\Users\suminDRM\Documents\카카오톡 받은 파일\97년생여기준_농협손보건강고지형_20년납90세만기.pdf
C:\Users\suminDRM\Downloads\_[롯데GRS E-HR 개선 및 모바일 시스템 구축] 1차 모바일 소스코드 진단 품질검수 관련 산출물 전달의 건\롯데GRS E-HR 개선 및 모바일 시스템 구축 소스코드 1차 진단\01. 결과보고서\[롯데GRS E-HR 개선 및 모바일 시스템 구축] 1차 모바일 소스코드 진단 결과보고서.pptx
D:\Users\sumin\Downloads\_[롯데GRS E-HR 개선 및 모바일 시스템 구축] 1차 모바일 소스코드 진단 품질검수 관련 산출물 전달의 건\롯데GRS E-HR 개선 및 모바일 시스템 구축 소스코드 1차 진단\01. 결과보고서\[롯데GRS E-HR 개선 및 모바일 시스템 구축] 1차 모바일 소스코드 진단 결과보고서.pptx
C:\Users\suminDRM\AppData\Roaming\Microsoft\Windows\Recent\[롯데GRS E-HR 개선 및 모바일 시스템 구축] 1차 모바일 소스코드 진단 결과보고서.pptx.lnk
C:\Users\suminDRM\AppData\Roaming\Microsoft\Windows\Recent\[롯데면세점] LDFPAY 마케팅 개선 프로젝트 소스코드 2차진단 결과보고서_v1.0.lnk
C:\Users\suminDRM\Downloads\[롯데면세점] LDFPAY 마케팅 개선 프로젝트 소스코드 2차진단 결과보고서_v1.0.zip
C:\Users\suminDRM\Downloads\[롯데면세점] LDFPAY 마케팅 개선 프로젝트 소스코드 본진단 결과보고서_v1.0.zip
C:\Users\suminDRM\Downloads\[롯데면세점] LDFPAY 마케팅 개선 프로젝트 소스코드 2차진단 결과보고서_v1.0\[롯데면세점]LDFPAY_마케팅개선_프로젝트_소스코드_2차진단_결과보고서_v1.0.pptx
D:\Users\sumin\Downloads\[롯데웰푸드 인천RDC 자동화창고 물류시스템 구축 프로젝트] 웹 취약점 이행진단 결과보고서.zip
D:\Users\sumin\Downloads\[롯데컬처웍스]전자구매시스템_소스코드_취약점이행진단_결과보고서.zip
D:\Users\sumin\Downloads\[서식]비밀유지서약서-입사자.docx
D:\Users\sumin\Downloads\[서식]비밀유지서약서-재직자.docx
D:\Users\sumin\Downloads\[서식]비밀유지서약서-프로젝트참여자.docx
D:\Users\sumin\AppData\Roaming\Microsoft\Office\Recent\[서식]비밀유지서약서-프로젝트참여자.docx.LNK
C:\Users\suminDRM\Desktop\25 SI\대홍기획\[수행계획서] 대홍기획 2025년 연간 상시 취약점 진단.pptx
C:\Users\suminDRM\AppData\Roaming\Microsoft\Office\Recent\[수행계획서] 대홍기획 2025년 연간 상시 취약점 진단.pptx.LNK
C:\Users\suminDRM\AppData\Roaming\Microsoft\Windows\Recent\[수행계획서] 대홍기획 2025년 연간 상시 취약점 진단.pptx.lnk
D:\Users\sumin\AppData\Roaming\Microsoft\Windows\Recent\[수행계획서] 대홍기획 2025년 연간 상시 취약점 진단.pptx.lnk
C:\Users\suminDRM\Downloads\[수행계획서] 웰푸드 2025년 연간 상시 취약점 진단 (1).pptx
C:\Users\suminDRM\AppData\Roaming\Microsoft\Office\Recent\[수행계획서] 웰푸드 2025년 연간 상시 취약점 진단 (1).pptx.LNK
C:\Users\suminDRM\AppData\Roaming\Microsoft\Windows\Recent\[수행계획서] 웰푸드 2025년 연간 상시 취약점 진단 (1).pptx.lnk
C:\Users\suminDRM\Downloads\[수행계획서] 웰푸드 2025년 연간 상시 취약점 진단.pptx
C:\Users\suminDRM\Downloads\[보안컨설팅팀] 각 사업 담당 PM 서류 작성 요청의 건 (회신 _ 10_17 오전 11시까지)\[수행계획서] 웰푸드 2025년 연간 상시 취약점 진단.pptx
D:\Users\sumin\Downloads\[수행계획서] 웰푸드 2025년 연간 상시 취약점 진단.pptx
C:\Users\suminDRM\AppData\Roaming\Microsoft\Office\Recent\[수행계획서] 웰푸드 2025년 연간 상시 취약점 진단.pptx.LNK
C:\Users\suminDRM\AppData\Roaming\Microsoft\Windows\Recent\[수행계획서] 웰푸드 2025년 연간 상시 취약점 진단.pptx.lnk
D:\Users\sumin\AppData\Roaming\Microsoft\Windows\Recent\[수행계획서] 웰푸드 2025년 연간 상시 취약점 진단.pptx.lnk
D:\Users\sumin\Downloads\[롯데컬처웍스]전자구매시스템_소스코드_취약점이행진단_결과보고서\01. 결과보고서\[전자구매시스템 고도화 취약점 점검 사업] 2차 소스코드 진단 결과보고서.pptx
D:\Users\sumin\AppData\Roaming\Microsoft\Office\Recent\[전자구매시스템 고도화 취약점 점검 사업] 2차 소스코드 진단 결과보고서.pptx.LNK
D:\Users\sumin\Downloads\[제안서]롯데e커머스_ISMS인증 및 전자금융업 보안 컨설팅_롯데정보통신_20240105 (1).pptx
D:\Users\sumin\AppData\Roaming\Microsoft\Office\Recent\[제안서]롯데e커머스_ISMS인증 및 전자금융업 보안 컨설팅_롯데정보통신_20240105 (1).pptx.LNK
D:\Users\sumin\AppData\Roaming\Microsoft\Windows\Recent\[제안서]롯데e커머스_ISMS인증 및 전자금융업 보안 컨설팅_롯데정보통신_20240105 (1).pptx.lnk
D:\Users\sumin\Downloads\[제안서]롯데e커머스_ISMS인증 및 전자금융업 보안 컨설팅_롯데정보통신_20240105.pptx
D:\Users\sumin\AppData\Roaming\Microsoft\Office\Recent\[제안서]롯데e커머스_ISMS인증 및 전자금융업 보안 컨설팅_롯데정보통신_20240105.pptx.LNK
D:\Users\sumin\AppData\Roaming\Microsoft\Windows\Recent\[제안서]롯데e커머스_ISMS인증 및 전자금융업 보안 컨설팅_롯데정보통신_20240105.pptx.lnk
C:\Users\suminDRM\AppData\Roaming\Microsoft\Office\Recent\[직무관리시스템 SaaS 구축] 1차 소스코드 진단 결과보고서(2).LNK
C:\Users\suminDRM\AppData\Roaming\Microsoft\Office\Recent\[직무관리시스템 SaaS 구축] 1차 소스코드 진단 결과보고서.LNK
C:\Users\suminDRM\Downloads\issues_suminroot_Web_38926_1_xls (2)\[직무관리시스템 SaaS 구축 프로젝트 소스코드 보안점검]\01. 결과보고서\[직무관리시스템 SaaS 구축] 1차 소스코드 진단 결과보고서.pptx
D:\Users\sumin\Downloads\issues_suminroot_Web_38926_1_xls\01. 결과보고서\[직무관리시스템 SaaS 구축] 1차 소스코드 진단 결과보고서.pptx
D:\Users\sumin\AppData\Roaming\Microsoft\Office\Recent\[직무관리시스템 SaaS 구축] 1차 소스코드 진단 결과보고서.pptx.LNK
C:\Users\suminDRM\AppData\Roaming\Microsoft\Office\Recent\[직무관리시스템 SaaS 구축] 2차 소스코드 진단 결과보고서.LNK
C:\Users\suminDRM\Desktop\25 보안점검\직무관리시스템 Saas 구축 소스점검\[직무관리시스템 SaaS 구축 프로젝트 소스코드 보안점검]\[직무관리시스템 SaaS 구축 프로젝트 소스코드 보안점검]\01. 결과보고서\[직무관리시스템 SaaS 구축] 2차 소스코드 진단 결과보고서.pptx
D:\Users\sumin\Downloads\[큐브리펀드 클라우드 전환 프로젝트] 1차 소스코드 진단 결과보고서\[큐브리펀드 클라우드 전환 프로젝트] 1차 소스코드 진단 결과보고서\01 결과보고서\[큐브리펀드 클라우드 전환 프로젝트] 1차 소스코드 진단 결과보고서.pptx
D:\Users\sumin\AppData\Roaming\Microsoft\Office\Recent\[큐브리펀드 클라우드 전환 프로젝트] 1차 소스코드 진단 결과보고서.pptx.LNK
D:\Users\sumin\Downloads\[큐브리펀드 클라우드 전환 프로젝트] 1차 소스코드 진단 결과보고서.zip
D:\Users\sumin\Desktop\[후지필름 연간 상시 취약점 진단] 웹 취약점 이행 점검 보고서.docx
D:\Users\sumin\AppData\Roaming\Microsoft\Office\Recent\[후지필름 연간 상시 취약점 진단] 웹 취약점 이행 점검 보고서.docx.LNK
D:\Users\sumin\AppData\Roaming\Microsoft\Windows\Recent\[후지필름 연간 상시 취약점 진단] 웹 취약점 이행 점검 보고서.docx.lnk
C:\Users\suminDRM\Downloads\후지필름 연간 상시 취약점 진단 점검 결과 보고서(웹,인프라)\[후지필름 연간 상시 취약점 진단] 웹 취약점 초기 점검 보고서.docx
D:\Users\sumin\Downloads\후지필름 연간 상시 취약점 진단 점검 결과 보고서(웹,인프라)\[후지필름 연간 상시 취약점 진단] 웹 취약점 초기 점검 보고서.docx
C:\Users\suminDRM\AppData\Roaming\Microsoft\Office\Recent\[후지필름 연간 상시 취약점 진단] 웹 취약점 초기 점검 보고서.docx.LNK
C:\Users\suminDRM\AppData\Roaming\Microsoft\Windows\Recent\[후지필름 연간 상시 취약점 진단] 웹 취약점 초기 점검 보고서.docx.lnk
D:\Users\sumin\AppData\Roaming\Microsoft\Office\Recent\[후지필름 연간 상시 취약점 진단] 웹 취약점 초기 점검 보고서.docx.LNK
D:\Users\sumin\AppData\Roaming\Microsoft\Windows\Recent\[후지필름 연간 상시 취약점 진단] 웹 취약점 초기 점검 보고서.docx.lnk
C:\Users\suminDRM\AppData\Roaming\Microsoft\Windows\Recent\[후지필름 연간 상시 취약점 진단] 인프라 취약점 초기 점검 보고서.lnk
C:\Users\suminDRM\Downloads\후지필름 연간 상시 취약점 진단 점검 결과 보고서(웹,인프라)\[후지필름 연간 상시 취약점 진단] 인프라 취약점 초기 점검 보고서.zip
D:\Users\sumin\Downloads\후지필름 연간 상시 취약점 진단 점검 결과 보고서(웹,인프라)\[후지필름 연간 상시 취약점 진단] 인프라 취약점 초기 점검 보고서.zip
C:\Users\suminDRM\Downloads\후지필름 연간 상시 취약점 진단 점검 결과 보고서(웹,인프라)\[후지필름 연간 상시 취약점 진단] 인프라 취약점 초기 점검 보고서\[후지필름 연간 상시 취약점 진단] 인프라 취약점 초기 점검 통합 보고서.xlsx
C:\Users\suminDRM\AppData\Roaming\Microsoft\Office\Recent\[후지필름 연간 상시 취약점 진단] 인프라 취약점 초기 점검 통합 보고서.xlsx.LNK
C:\Users\suminDRM\AppData\Roaming\Microsoft\Windows\Recent\[후지필름 연간 상시 취약점 진단] 인프라 취약점 초기 점검 통합 보고서.xlsx.lnk
D:\Users\sumin\Downloads\_[롯데GRS E-HR 개선 및 모바일 시스템 구축] 1차 모바일 소스코드 진단 품질검수 관련 산출물 전달의 건 (1).zip
C:\Users\suminDRM\Downloads\_[롯데GRS E-HR 개선 및 모바일 시스템 구축] 1차 모바일 소스코드 진단 품질검수 관련 산출물 전달의 건.zip
D:\Users\sumin\Downloads\_[롯데GRS E-HR 개선 및 모바일 시스템 구축] 1차 모바일 소스코드 진단 품질검수 관련 산출물 전달의 건.zip
D:\Users\sumin\Downloads\BS-1172-01-01 보안서약서 (1).docx
D:\Users\sumin\Downloads\BS-1172-01-01 보안서약서.docx
D:\Users\sumin\Downloads\BS-1172-01-01 보안서약서_선수민.pdf
C:\DESKTOP-3825D2G_20251016_222657\TOP_COPY_100MB\BS-1172-01-02 비밀유지서약서.docx
C:\Users\suminDRM\Downloads\BS-1172-01-02 비밀유지서약서.docx
D:\Users\sumin\Downloads\BS-1172-01-02 비밀유지서약서.docx
C:\Users\suminDRM\AppData\Roaming\Microsoft\Windows\Recent\BS-1172-01-02 비밀유지서약서.docx.lnk
C:\DESKTOP-3825D2G_20251016_222657\TOP_COPY_100MB\BS-1172-01-02 비밀유지서약서_선수민.pdf
D:\Users\sumin\Downloads\BS-1172-01-02 비밀유지서약서_선수민.pdf
C:\$Recycle.Bin\S-1-5-21-527048019-3831526476-742819034-1001\$RRBC265\03 진단기준 가이드\KISA 홈페이지 취약점 진단 제거 가이드.pdf
C:\Users\suminDRM\Desktop\25 보안점검\직무관리시스템 Saas 구축 소스점검\5. 스패로우(파트너사 전달용)\5. 스패로우(파트너사 전달용)\2. 템플릿\소스코드 취약점 점검 사전 전달 자료\04. 가이드\KISA 홈페이지 취약점 진단 제거 가이드.pdf
C:\Users\suminDRM\Desktop\25 보안점검\직무관리시스템 Saas 구축 소스점검\[직무관리시스템 SaaS 구축 프로젝트 소스코드 보안점검]\[직무관리시스템 SaaS 구축 프로젝트 소스코드 보안점검]\04. 가이드\KISA 홈페이지 취약점 진단 제거 가이드.pdf
C:\Users\suminDRM\Desktop\25 보안점검\코리아세븐 소스코드 이행점검\2. 2차 보고서\(코리아세븐 택배단말기 구축 프로젝트) 2차 소스코드 취약점 진단 결과\03 진단기준 가이드\KISA 홈페이지 취약점 진단 제거 가이드.pdf
C:\Users\suminDRM\Desktop\25 보안점검\코리아세븐 소스코드 이행점검\2. 2차 보고서\1. 소스코드 점검 결과\03 진단기준 가이드\KISA 홈페이지 취약점 진단 제거 가이드.pdf
C:\Users\suminDRM\Downloads\_[롯데GRS E-HR 개선 및 모바일 시스템 구축] 1차 모바일 소스코드 진단 품질검수 관련 산출물 전달의 건\롯데GRS E-HR 개선 및 모바일 시스템 구축 소스코드 1차 진단\04. 가이드\KISA 홈페이지 취약점 진단 제거 가이드.pdf
C:\Users\suminDRM\Downloads\issues_suminroot_Web_38926_1_xls (2)\[직무관리시스템 SaaS 구축 프로젝트 소스코드 보안점검]\04. 가이드\KISA 홈페이지 취약점 진단 제거 가이드.pdf
D:\Users\sumin\Downloads\[큐브리펀드 클라우드 전환 프로젝트] 1차 소스코드 진단 결과보고서\[큐브리펀드 클라우드 전환 프로젝트] 1차 소스코드 진단 결과보고서\04 가이드\KISA 홈페이지 취약점 진단 제거 가이드.pdf
D:\Users\sumin\Downloads\_[롯데GRS E-HR 개선 및 모바일 시스템 구축] 1차 모바일 소스코드 진단 품질검수 관련 산출물 전달의 건\롯데GRS E-HR 개선 및 모바일 시스템 구축 소스코드 1차 진단\04. 가이드\KISA 홈페이지 취약점 진단 제거 가이드.pdf
D:\Users\sumin\Downloads\issues_suminroot_Web_38926_1_xls\04. 가이드\KISA 홈페이지 취약점 진단 제거 가이드.pdf
C:\DESKTOP-3825D2G_20251016_222657\TOP_COPY_100MB\KIST 서버 이행점검 진단.zip
C:\Users\suminDRM\Downloads\KIST 서버 이행점검 진단.zip
D:\Users\sumin\Downloads\INFRA_MACRO_SUM_ver2.21\macro_sm_1. 2025년_DBMS 취약점 진단 상세 보고서_v1.2.xlsm
D:\Users\sumin\Downloads\INFRA_MACRO_SUM_ver2.21 (1)\macro_sm_1. 2025년_DBMS 취약점 진단 상세 보고서_v1.2.xlsm
D:\Users\sumin\Downloads\INFRA_MACRO_SUM_ver2.21\macro_sm_1. 2025년_Unix 서버 취약점 진단 상세 보고서_v1.2.xlsm
D:\Users\sumin\Downloads\INFRA_MACRO_SUM_ver2.21 (1)\macro_sm_1. 2025년_Unix 서버 취약점 진단 상세 보고서_v1.2.xlsm
C:\Users\suminDRM\Downloads\SSL사설인증서.zip
C:\Users\suminDRM\Downloads\SSL사설인증서\SSL사설인증서_설치메뉴얼.pdf
C:\Users\suminDRM\Downloads\SSL사설인증서\Windows OS\lotte-net (관리자 모드 실행 필수)\SSL사설인증서_설치메뉴얼.pdf
D:\Users\sumin\Downloads\160. WEB, WAS\TND1601_tnd_WEB,WAS 진단 체크리스트_v2.0.xlsx
D:\Users\sumin\Downloads\160. WEB, WAS(지성식 프로님의 골 수 )\TND1608_tnd_Apache(CentOS, Rocky-httpd) 진단 스크립트_v2.0\TND1608_tnd_Apache(CentOS, Rocky-httpd) 진단 스크립트_v2.0.sh
D:\Users\sumin\Downloads\160. WEB, WAS\TND1608_tnd_Apache(CentOS, Rocky-httpd) 진단 스크립트_v2.0\TND1608_tnd_Apache(CentOS, Rocky-httpd) 진단 스크립트_v2.0.sh
D:\Users\sumin\Downloads\160. WEB, WAS(지성식 프로님의 골 수 )\TND1609_tnd_Apache(Ubuntu-apache2) 진단 스크립트_v2.0\TND1609_tnd_Apache(Ubuntu-apache2) 진단 스크립트_v2.0.sh
D:\Users\sumin\Downloads\160. WEB, WAS\TND1609_tnd_Apache(Ubuntu-apache2) 진단 스크립트_v2.0\TND1609_tnd_Apache(Ubuntu-apache2) 진단 스크립트_v2.0.sh
D:\Users\sumin\Downloads\160. WEB, WAS\TND1611_tnd_Tomcat 진단 스크립트_v2.0\TND1611_tnd_Tomcat 진단 스크립트_v2.0.sh
D:\Users\sumin\Downloads\160. WEB, WAS\TND1612_tnd_NginX 진단 스크립트_v3.0\TND1612_tnd_NginX 진단 스크립트_v3.0.sh
D:\Users\sumin\Downloads\160. WEB, WAS\TND1612_tnd_NginX 진단 스크립트_v3.0\TND1612_tnd_NginX 진단 스크립트_v3.1.sh
C:\Users\suminDRM\Desktop\25 보안점검\직무관리시스템 Saas 구축 소스점검\[직무관리시스템 SaaS 구축 프로젝트 소스코드 보안점검]\[직무관리시스템 SaaS 구축 프로젝트 소스코드 보안점검]\01. 결과보고서\~$[직무관리시스템 SaaS 구축] 1차 소스코드 진단 결과보고서.pptx
C:\$Recycle.Bin\S-1-5-21-527048019-3831526476-742819034-1001\$RRBC265\01 결과보고서\~$[칠성음료 통합KPI 지표관리시스템 확대 구축 프로젝트] 1차 소스코드 진단 결과보고서.pptx
C:\Users\suminDRM\Desktop\25 보안점검\코리아세븐 소스코드 이행점검\2. 2차 보고서\(코리아세븐 택배단말기 구축 프로젝트) 2차 소스코드 취약점 진단 결과\01 결과보고서\~$[칠성음료 통합KPI 지표관리시스템 확대 구축 프로젝트] 1차 소스코드 진단 결과보고서.pptx
C:\Users\suminDRM\Desktop\25 보안점검\코리아세븐 소스코드 이행점검\2. 2차 보고서\1. 소스코드 점검 결과\01 결과보고서\~$[칠성음료 통합KPI 지표관리시스템 확대 구축 프로젝트] 1차 소스코드 진단 결과보고서.pptx
D:\Users\sumin\Downloads\[큐브리펀드 클라우드 전환 프로젝트] 1차 소스코드 진단 결과보고서\[큐브리펀드 클라우드 전환 프로젝트] 1차 소스코드 진단 결과보고서\01 결과보고서\~$[칠성음료 통합KPI 지표관리시스템 확대 구축 프로젝트] 1차 소스코드 진단 결과보고서.pptx
C:\$Recycle.Bin\S-1-5-21-527048019-3831526476-742819034-1001\$R5K4F1G\02. 결과보고서\~$건설 현장 근로자 생체신호 측정 솔루션 구축_인프라 취약점 진단 결과 보고서_20250630.docx
C:\$Recycle.Bin\S-1-5-21-527048019-3831526476-742819034-1001\$R5PU3UR\02. 결과보고서\~$건설 현장 근로자 생체신호 측정 솔루션 구축_인프라 취약점 진단 결과 보고서_20250630.docx
C:\Users\suminDRM\Downloads\롯데건설_인프라진단 결과\02. 결과보고서\~$건설 현장 근로자 생체신호 측정 솔루션 구축_인프라 취약점 진단 결과 보고서_20250630.docx
C:\Users\suminDRM\Downloads\[보안컨설팅팀] 각 사업 담당 PM 서류 작성 요청의 건 (회신 _ 10_17 오전 11시까지)\★ 물산 2025년 연간 상시 취약점 진단.zip
C:\Users\suminDRM\Downloads\바이오PI_진단범위.xlsx
C:\Users\suminDRM\Desktop\25 SI\2. 바이오로직스 PI(RTDB)\바이오PI_진단범위_변경.xlsx
D:\Temp\HanaSolution\New_Print_Driver\하나생명보험_내부망.exe
C:\DESKTOP-3825D2G_20251016_222657\TOP_COPY_100MB\검수확인서(면세 신규 결제수단 추가 개발 (KAC 바이오인증_대만 라인페이))_롯데이노베이트(20250829).docx
D:\Users\sumin\Downloads\검수확인서(면세 신규 결제수단 추가 개발 (KAC 바이오인증_대만 라인페이))_롯데이노베이트(20250829).docx
C:\DESKTOP-3825D2G_20251016_222657\TOP_COPY_100MB\견적서_(롯데이노베이트) 한국교직원공제회_S2B 재구축 사업 취약점 점검_20250902.pdf
C:\Users\suminDRM\Downloads\견적서_(롯데이노베이트) 한국교직원공제회_S2B 재구축 사업 취약점 점검_20250902.pdf
C:\DESKTOP-3825D2G_20251016_222657\TOP_COPY_100MB\견적서_(롯데이노베이트)_ 롯데면세 중간예산 개선 프로젝트 보안진단 견적서_20250903 (1).pdf
C:\Users\suminDRM\Downloads\견적서_(롯데이노베이트)_ 롯데면세 중간예산 개선 프로젝트 보안진단 견적서_20250903 (1).pdf
C:\DESKTOP-3825D2G_20251016_222657\TOP_COPY_100MB\견적서_(롯데이노베이트)_ 롯데면세 중간예산 개선 프로젝트 보안진단 견적서_20250903 (2).pdf
C:\Users\suminDRM\Downloads\견적서_(롯데이노베이트)_ 롯데면세 중간예산 개선 프로젝트 보안진단 견적서_20250903 (2).pdf
C:\DESKTOP-3825D2G_20251016_222657\TOP_COPY_100MB\견적서_(롯데이노베이트)_ 롯데면세 중간예산 개선 프로젝트 보안진단 견적서_20250903.pdf
C:\Users\suminDRM\Downloads\견적서_(롯데이노베이트)_ 롯데면세 중간예산 개선 프로젝트 보안진단 견적서_20250903.pdf
C:\DESKTOP-3825D2G_20251016_222657\TOP_COPY_100MB\견적서_(롯데이노베이트)_ 롯데면세 중간예산 개선 프로젝트 보안진단 견적서_20250903.xlsx
C:\Users\suminDRM\Downloads\견적서_(롯데이노베이트)_ 롯데면세 중간예산 개선 프로젝트 보안진단 견적서_20250903.xlsx
C:\Users\suminDRM\Downloads\견적서_(롯데이노베이트)_GRS 정산시스템 구축 취약점 진단.xlsx
C:\Users\suminDRM\AppData\Roaming\Microsoft\Windows\Recent\견적서_(롯데이노베이트)_GRS 정산시스템 구축 취약점 진단.xlsx.lnk
C:\Users\suminDRM\Downloads\견적서_(롯데이노베이트)_GRS 정산시스템 구축 취약점 진단_20251017.pdf
C:\Users\suminDRM\AppData\Roaming\Microsoft\Windows\Recent\견적서_(롯데이노베이트)_GRS 정산시스템 구축 취약점 진단_20251017.pdf.lnk
C:\Users\suminDRM\Downloads\견적서_(롯데이노베이트)_GRS 정산시스템 구축 취약점 진단_20251017.xlsx
C:\Users\suminDRM\AppData\Roaming\Microsoft\Windows\Recent\견적서_(롯데이노베이트)_GRS 정산시스템 구축 취약점 진단_20251017.xlsx.lnk
C:\Users\suminDRM\Downloads\[보안컨설팅팀] 각 사업 담당 PM 서류 작성 요청의 건 (회신 _ 10_17 오전 11시까지)\★ 대홍기획 2025년 연간 취약점 점검\★ 대홍기획 2025년 연간 취약점 점검\견적서_(롯데이노베이트)_대홍기획 2025년 취약점 진단_MM.PDF
C:\Users\suminDRM\Downloads\★ 대홍기획 2025년 연간 취약점 점검\★ 대홍기획 2025년 연간 취약점 점검\견적서_(롯데이노베이트)_대홍기획 2025년 취약점 진단_MM.PDF
C:\Users\suminDRM\AppData\Roaming\Microsoft\Windows\Recent\견적서_(롯데이노베이트)_대홍기획 2025년 취약점 진단_MM.PDF.lnk
C:\Users\suminDRM\Desktop\25 SI\5. 롯데바이오로직스 Proxy서버 구축 프로젝트\견적서_(롯데이노베이트)_롯데바이오로직스 Proxy서버 구축 프로젝트 보안진단 견적서_템플릿_20250711.pdf
C:\DESKTOP-3825D2G_20251016_222657\TOP_COPY_100MB\견적서_(롯데이노베이트)_롯데바이오로직스 Proxy서버 구축 프로젝트 보안진단 견적서_템플릿_20250711.xlsx
C:\Users\suminDRM\Desktop\25 SI\5. 롯데바이오로직스 Proxy서버 구축 프로젝트\견적서_(롯데이노베이트)_롯데바이오로직스 Proxy서버 구축 프로젝트 보안진단 견적서_템플릿_20250711.xlsx
D:\Users\sumin\Downloads\견적서_(롯데이노베이트)_롯데바이오로직스 Proxy서버 구축 프로젝트 보안진단 견적서_템플릿_20250711.xlsx
C:\DESKTOP-3825D2G_20251016_222657\TOP_COPY_100MB\견적서_(롯데이노베이트)_롯데건설 앱 토큰 인증 개발 기술지원 프로젝트 보안진단 견적서_템플릿_20250721.pdf
C:\Users\suminDRM\Desktop\25 SI\6. 롯데건설 앱 토큰 인증 개발 기술지원 프로젝트\견적서_(롯데이노베이트)_롯데건설 앱 토큰 인증 개발 기술지원 프로젝트 보안진단 견적서_템플릿_20250721.pdf
C:\DESKTOP-3825D2G_20251016_222657\TOP_COPY_100MB\견적서_(롯데이노베이트)_롯데건설 앱 토큰 인증 개발 기술지원 프로젝트 보안진단 견적서_템플릿_20250721.xlsx
C:\Users\suminDRM\Desktop\25 SI\6. 롯데건설 앱 토큰 인증 개발 기술지원 프로젝트\견적서_(롯데이노베이트)_롯데건설 앱 토큰 인증 개발 기술지원 프로젝트 보안진단 견적서_템플릿_20250721.xlsx
C:\DESKTOP-3825D2G_20251016_222657\TOP_COPY_100MB\견적서_(롯데이노베이트)_롯데건설 앱 토큰 인증 개발 기술지원 프로젝트 보안진단_20250722.pdf
C:\Users\suminDRM\Downloads\견적서_(롯데이노베이트)_롯데건설 앱 토큰 인증 개발 기술지원 프로젝트 보안진단_20250722.pdf
C:\DESKTOP-3825D2G_20251016_222657\TOP_COPY_100MB\견적서_(롯데이노베이트)_롯데면세점 면세 자동양수도 프로젝트 취약점 진단 (1).pdf
C:\Users\suminDRM\Downloads\견적서_(롯데이노베이트)_롯데면세점 면세 자동양수도 프로젝트 취약점 진단 (1).pdf
C:\DESKTOP-3825D2G_20251016_222657\TOP_COPY_100MB\견적서_(롯데이노베이트)_롯데면세점 면세 자동양수도 프로젝트 취약점 진단 (2).pdf
C:\Users\suminDRM\Downloads\견적서_(롯데이노베이트)_롯데면세점 면세 자동양수도 프로젝트 취약점 진단 (2).pdf
C:\DESKTOP-3825D2G_20251016_222657\TOP_COPY_100MB\견적서_(롯데이노베이트)_롯데면세점 면세 자동양수도 프로젝트 취약점 진단.pdf
C:\Users\suminDRM\Downloads\견적서_(롯데이노베이트)_롯데면세점 면세 자동양수도 프로젝트 취약점 진단.pdf
C:\DESKTOP-3825D2G_20251016_222657\TOP_COPY_100MB\견적서_(롯데이노베이트)_롯데백화점 푸드QR결제 구축 프로젝트 보안진단 견적서_템플릿(공수산정포함)_20250821.pdf
C:\Users\suminDRM\Downloads\견적서_(롯데이노베이트)_롯데백화점 푸드QR결제 구축 프로젝트 보안진단 견적서_템플릿(공수산정포함)_20250821.pdf
C:\Users\suminDRM\Downloads\견적서_(롯데이노베이트)_롯데백화점 푸드QR결제 구축 프로젝트 보안진단 견적서_템플릿(공수산정포함)_20250821.pdf.fbak
C:\DESKTOP-3825D2G_20251016_222657\TOP_COPY_100MB\견적서_(롯데이노베이트)_롯데백화점 푸드QR결제 구축 프로젝트 보안진단 견적서_템플릿(공수산정포함)_20250821.xlsx
C:\Users\suminDRM\Downloads\견적서_(롯데이노베이트)_롯데백화점 푸드QR결제 구축 프로젝트 보안진단 견적서_템플릿(공수산정포함)_20250821.xlsx
C:\DESKTOP-3825D2G_20251016_222657\TOP_COPY_100MB\견적서_(롯데이노베이트)_롯데월드 통합물류 시스템 구축 보안진단 견적서_20250918.pdf
C:\Users\suminDRM\Desktop\견적서_(롯데이노베이트)_롯데월드 통합물류 시스템 구축 보안진단 견적서_20250918.pdf
C:\Users\suminDRM\Downloads\견적서_(롯데이노베이트)_롯데월드 통합물류 시스템 구축 보안진단 견적서_20250918.pdf
C:\Users\suminDRM\AppData\Roaming\Microsoft\Windows\Recent\견적서_(롯데이노베이트)_롯데월드 통합물류 시스템 구축 보안진단 견적서_20250918.pdf.lnk
C:\DESKTOP-3825D2G_20251016_222657\TOP_COPY_100MB\견적서_(롯데이노베이트)_롯데월드 통합물류 시스템 구축 보안진단 견적서_20250918.xlsx
C:\Users\suminDRM\Desktop\견적서_(롯데이노베이트)_롯데월드 통합물류 시스템 구축 보안진단 견적서_20250918.xlsx
C:\Users\suminDRM\Desktop\25 SI\3. 롯데웰푸드 WLIS TMS 모바일\견적서_(롯데이노베이트)_롯데웰푸드 WLIS TMS 모바일 APP 구축 프로젝트 보안진단 견적서_20250626.pdf
C:\DESKTOP-3825D2G_20251016_222657\TOP_COPY_100MB\견적서_(롯데이노베이트)_롯데케미칼 데이터플랫폼 구축 프로젝트 보안진단 견적서_20250905.pdf
C:\Users\suminDRM\Desktop\견적서_(롯데이노베이트)_롯데케미칼 데이터플랫폼 구축 프로젝트 보안진단 견적서_20250905.pdf
C:\Users\suminDRM\Desktop\25 SI\9. 롯데케미칼 데이터 플랫폼 구축 프로젝트\견적서_(롯데이노베이트)_롯데케미칼 데이터플랫폼 구축 프로젝트 보안진단 견적서_20250905.pdf
C:\Users\suminDRM\Downloads\견적서_(롯데이노베이트)_롯데케미칼 데이터플랫폼 구축 프로젝트 보안진단 견적서_20250905.pdf
C:\Users\suminDRM\Desktop\25 SI\9. 롯데케미칼 데이터 플랫폼 구축 프로젝트\견적서_(롯데이노베이트)_롯데케미칼 데이터플랫폼 구축 프로젝트 보안진단 견적서_20250905.pdf.fbak
C:\Users\suminDRM\Downloads\견적서_(롯데이노베이트)_롯데케미칼 데이터플랫폼 구축 프로젝트 보안진단 견적서_20250905.pdf.fbak
C:\Users\suminDRM\AppData\Roaming\Microsoft\Windows\Recent\견적서_(롯데이노베이트)_롯데케미칼 데이터플랫폼 구축 프로젝트 보안진단 견적서_20250905.pdf.lnk
C:\DESKTOP-3825D2G_20251016_222657\TOP_COPY_100MB\견적서_(롯데이노베이트)_롯데케미칼 데이터플랫폼 구축 프로젝트 보안진단 견적서_20250905.xlsx
C:\Users\suminDRM\Desktop\25 SI\9. 롯데케미칼 데이터 플랫폼 구축 프로젝트\견적서_(롯데이노베이트)_롯데케미칼 데이터플랫폼 구축 프로젝트 보안진단 견적서_20250905.xlsx
C:\Users\suminDRM\Downloads\견적서_(롯데이노베이트)_롯데케미칼 데이터플랫폼 구축 프로젝트 보안진단 견적서_20250905.xlsx
C:\Users\suminDRM\AppData\Roaming\Microsoft\Windows\Recent\견적서_(롯데이노베이트)_롯데케미칼 데이터플랫폼 구축 프로젝트 보안진단 견적서_20250905.xlsx.lnk
C:\DESKTOP-3825D2G_20251016_222657\TOP_COPY_100MB\견적서_(롯데이노베이트)_롯데호텔 2025년 정보시스템 취약점 진단_v1.0.xlsx
D:\Users\sumin\Downloads\견적서_(롯데이노베이트)_롯데호텔 2025년 정보시스템 취약점 진단_v1.0.xlsx
C:\DESKTOP-3825D2G_20251016_222657\TOP_COPY_100MB\견적서_(롯데이노베이트)_롯데후지필름 ERP 구축 프로젝트 보안진단 견적서(온프레미스 구축)_20250905.pdf
C:\Users\suminDRM\Desktop\25 SI\8. 후지 ERP 구축?프로젝트\견적서_(롯데이노베이트)_롯데후지필름 ERP 구축 프로젝트 보안진단 견적서(온프레미스 구축)_20250905.pdf
C:\DESKTOP-3825D2G_20251016_222657\TOP_COPY_100MB\견적서_(롯데이노베이트)_롯데후지필름 ERP 구축 프로젝트 보안진단 견적서(온프레미스 구축)_20250905.xlsx
C:\Users\suminDRM\Desktop\25 SI\8. 후지 ERP 구축?프로젝트\견적서_(롯데이노베이트)_롯데후지필름 ERP 구축 프로젝트 보안진단 견적서(온프레미스 구축)_20250905.xlsx
C:\DESKTOP-3825D2G_20251016_222657\TOP_COPY_100MB\견적서_(롯데이노베이트)_롯데후지필름 ERP 구축 프로젝트 보안진단 견적서(클라우드 구축)_20250905.pdf
C:\Users\suminDRM\Desktop\25 SI\8. 후지 ERP 구축?프로젝트\견적서_(롯데이노베이트)_롯데후지필름 ERP 구축 프로젝트 보안진단 견적서(클라우드 구축)_20250905.pdf
C:\DESKTOP-3825D2G_20251016_222657\TOP_COPY_100MB\견적서_(롯데이노베이트)_롯데후지필름 ERP 구축 프로젝트 보안진단 견적서(클라우드 구축)_20250905.xlsx
C:\Users\suminDRM\Desktop\25 SI\8. 후지 ERP 구축?프로젝트\견적서_(롯데이노베이트)_롯데후지필름 ERP 구축 프로젝트 보안진단 견적서(클라우드 구축)_20250905.xlsx
C:\Users\suminDRM\Downloads\견적서_(롯데이노베이트)_롯데후지필름 ERP 구축 프로젝트 보안진단 견적서(클라우드 구축)_20250905.xlsx
C:\DESKTOP-3825D2G_20251016_222657\TOP_COPY_100MB\견적서_(롯데이노베이트)_후지필름 2025년 연간 상시 취약점 진단_v1.0.pdf
C:\Users\suminDRM\Downloads\견적서_(롯데이노베이트)_후지필름 2025년 연간 상시 취약점 진단_v1.0.pdf
C:\Users\suminDRM\Downloads\[보안컨설팅팀] 각 사업 담당 PM 서류 작성 요청의 건 (회신 _ 10_17 오전 11시까지)\★ 대홍기획 2025년 연간 취약점 점검\★ 대홍기획 2025년 연간 취약점 점검\계약서_대홍기획 2025년 연간 취약점 점검.docx
C:\Users\suminDRM\Downloads\★ 대홍기획 2025년 연간 취약점 점검\★ 대홍기획 2025년 연간 취약점 점검\계약서_대홍기획 2025년 연간 취약점 점검.docx
C:\DESKTOP-3825D2G_20251016_222657\TOP_COPY_100MB\계약서_후지필름 2025년 연간 상시 취약점 진단.docx
C:\Users\suminDRM\Downloads\계약서_후지필름 2025년 연간 상시 취약점 진단.docx
C:\Users\suminDRM\AppData\Roaming\Microsoft\Windows\Recent\계약서_후지필름 2025년 연간 상시 취약점 진단.docx.lnk
D:\Users\sumin\AppData\Roaming\Microsoft\Windows\Recent\고객관리형_AWS (2).lnk
D:\Users\sumin\AppData\Roaming\Microsoft\Windows\Recent\고객관리형_AWS.lnk
D:\Users\sumin\Desktop\25 AWS 스크립트\old\고객관리형_AWS.txt
D:\BEST\고객서비스부 직인.JPG
D:\BEST\bin\고객서비스부 직인.JPG
D:\Users\sumin\Downloads\글로벌로지스 공실관리시스템 개발 프로젝트 1차진단 결과 보고.zip
D:\Users\sumin\Downloads\글로벌로지스 공실관리시스템 개발 프로젝트 1차진단 결과 보고_v1.1.zip
D:\Users\sumin\Desktop\글로벌로지스_공실관리시스템개발프로젝트_이행점검_진단결과.zip
C:\Users\suminDRM\Downloads\2025 주요정보통신기반시설 인프라 스크립트_v1.1\4. LIT2502_주요정보통신기반시설_정보보호시스템\기반시설 보안장비 보안취약점진단 질의서.xlsx
D:\Users\sumin\Downloads\2025 주요정보통신기반시설 인프라 스크립트_v1.1\4. LIT2502_주요정보통신기반시설_정보보호시스템\기반시설 보안장비 보안취약점진단 질의서.xlsx
D:\Users\sumin\Downloads\2025 주요정보통신기반시설 인프라 스크립트_v1.2\4. LIT2502_주요정보통신기반시설_정보보호시스템\기반시설 보안장비 보안취약점진단 질의서.xlsx
D:\Users\sumin\Downloads\통합스크립트_ver1.0\04.정보보호시스템\기반시설 보안장비 보안취약점진단 질의서.xlsx
C:\DESKTOP-3825D2G_20251016_222657\TOP_COPY_100MB\농협 건강체.pdf
C:\Users\suminDRM\Documents\카카오톡 받은 파일\농협 건강체.pdf
C:\Users\suminDRM\Downloads\_[롯데GRS E-HR 개선 및 모바일 시스템 구축] 1차 모바일 소스코드 진단 품질검수 관련 산출물 전달의 건\롯데GRS E-HR 개선 및 모바일 시스템 구축 소스코드 1차 진단 산출물.zip
D:\Users\sumin\Downloads\_[롯데GRS E-HR 개선 및 모바일 시스템 구축] 1차 모바일 소스코드 진단 품질검수 관련 산출물 전달의 건\롯데GRS E-HR 개선 및 모바일 시스템 구축 소스코드 1차 진단 산출물.zip
C:\Users\suminDRM\Downloads\_[롯데GRS E-HR 개선 및 모바일 시스템 구축] 1차 모바일 소스코드 진단 품질검수 관련 산출물 전달의 건\롯데GRS E-HR 개선 및 모바일 시스템 구축 소스코드 1차 진단_전체 결과.zip
D:\Users\sumin\Downloads\_[롯데GRS E-HR 개선 및 모바일 시스템 구축] 1차 모바일 소스코드 진단 품질검수 관련 산출물 전달의 건\롯데GRS E-HR 개선 및 모바일 시스템 구축 소스코드 1차 진단_전체 결과.zip
C:\$Recycle.Bin\S-1-5-21-527048019-3831526476-742819034-1001\$R5K4F1G\02. 결과보고서\롯데건설 현장 근로자 생체신호 측정 솔루션 구축_인프라 취약점 진단 결과 보고서_v1.0.docx
C:\$Recycle.Bin\S-1-5-21-527048019-3831526476-742819034-1001\$R5PU3UR\02. 결과보고서\롯데건설 현장 근로자 생체신호 측정 솔루션 구축_인프라 취약점 진단 결과 보고서_v1.0.docx
C:\Users\suminDRM\Downloads\롯데건설_인프라진단 결과\02. 결과보고서\롯데건설 현장 근로자 생체신호 측정 솔루션 구축_인프라 취약점 진단 결과 보고서_v1.0.docx
C:\Users\suminDRM\AppData\Roaming\Microsoft\Windows\Recent\롯데건설 현장 근로자 생체신호 측정 솔루션 구축_인프라 취약점 진단 결과 보고서_v1.0.docx.lnk
C:\DESKTOP-3825D2G_20251016_222657\TOP_COPY_100MB\롯데건설_인프라진단 결과.zip
C:\Users\suminDRM\Downloads\롯데건설_인프라진단 결과.zip
D:\Users\sumin\Downloads\롯데건설_인프라진단 결과.zip
C:\DESKTOP-3825D2G_20251016_222657\TOP_COPY_100MB\롯데호텔 2025년 정보보호시스템 취약점 진단(사업장 물리침투) 계획서.pptx
C:\Users\suminDRM\Downloads\롯데호텔 2025년 정보보호시스템 취약점 진단(사업장 물리침투) 계획서.pptx
D:\Users\sumin\Downloads\롯데호텔 2025년 정보보호시스템 취약점 진단(사업장 물리침투) 계획서.pptx
C:\Users\suminDRM\AppData\Roaming\Microsoft\Windows\Recent\롯데호텔 2025년 정보보호시스템 취약점 진단(사업장 물리침투) 계획서.pptx.lnk
D:\Users\sumin\AppData\Roaming\Microsoft\Office\Recent\롯데호텔 2025년 정보보호시스템 취약점 진단(사업장 물리침투) 계획서.pptx.LNK
D:\Users\sumin\AppData\Roaming\Microsoft\Windows\Recent\롯데호텔 2025년 정보보호시스템 취약점 진단(사업장 물리침투) 계획서.pptx.lnk
C:\DESKTOP-3825D2G_20251016_222657\TOP_COPY_100MB\롯데호텔 2025년 정보보호시스템 취약점 진단(사업장 물리침투) 계획서_v1.0.pptx
D:\Users\sumin\Downloads\롯데호텔 2025년 정보보호시스템 취약점 진단(사업장 물리침투) 계획서_v1.0.pptx
D:\Users\sumin\AppData\Roaming\Microsoft\Office\Recent\롯데호텔 2025년 정보보호시스템 취약점 진단(사업장 물리침투) 계획서_v1.0.pptx.LNK
D:\Users\sumin\AppData\Roaming\Microsoft\Windows\Recent\롯데호텔 2025년 정보보호시스템 취약점 진단(사업장 물리침투) 계획서_v1.0.pptx.lnk
C:\DESKTOP-3825D2G_20251016_222657\TOP_COPY_100MB\롯데호텔 2025년 정보보호시스템 취약점 진단(사업장 물리침투) 계획서_v1.1 (1).pptx
D:\Users\sumin\Downloads\롯데호텔 2025년 정보보호시스템 취약점 진단(사업장 물리침투) 계획서_v1.1 (1).pptx
D:\Users\sumin\AppData\Roaming\Microsoft\Office\Recent\롯데호텔 2025년 정보보호시스템 취약점 진단(사업장 물리침투) 계획서_v1.1 (1).pptx.LNK
D:\Users\sumin\AppData\Roaming\Microsoft\Windows\Recent\롯데호텔 2025년 정보보호시스템 취약점 진단(사업장 물리침투) 계획서_v1.1 (1).pptx.lnk
C:\DESKTOP-3825D2G_20251016_222657\TOP_COPY_100MB\롯데호텔 2025년 정보보호시스템 취약점 진단(사업장 물리침투) 계획서_v1.1.pptx
D:\Users\sumin\Downloads\롯데호텔 2025년 정보보호시스템 취약점 진단(사업장 물리침투) 계획서_v1.1.pptx
D:\Users\sumin\AppData\Roaming\Microsoft\Office\Recent\롯데호텔 2025년 정보보호시스템 취약점 진단(사업장 물리침투) 계획서_v1.1.pptx.LNK
D:\Users\sumin\AppData\Roaming\Microsoft\Windows\Recent\롯데호텔 2025년 정보보호시스템 취약점 진단(사업장 물리침투) 계획서_v1.1.pptx.lnk
C:\DESKTOP-3825D2G_20251016_222657\TOP_COPY_100MB\롯데호텔%202025년%20정보보호시스템%20취약점%20진단(사업장%20물리침투)%20계획((Autorecovered-312110743277939425)).ppt
D:\Users\sumin\AppData\Roaming\Microsoft\PowerPoint\롯데호텔%202025년%20정보보호시스템%20취약점%20진단(사업장%20물리침투)%20계획312109782361495065\롯데호텔%202025년%20정보보호시스템%20취약점%20진단(사업장%20물리침투)%20계획((Autorecovered-312110743277939425)).ppt
C:\DESKTOP-3825D2G_20251016_222657\TOP_COPY_100MB\롯데호텔%202025년%20정보보호시스템%20취약점%20진단(사업장%20물리침투)%20계획((Autorecovered-312110780667769470)).ppt
D:\Users\sumin\AppData\Roaming\Microsoft\PowerPoint\롯데호텔%202025년%20정보보호시스템%20취약점%20진단(사업장%20물리침투)%20계획312109782361495065\롯데호텔%202025년%20정보보호시스템%20취약점%20진단(사업장%20물리침투)%20계획((Autorecovered-312110780667769470)).ppt
C:\DESKTOP-3825D2G_20251016_222657\TOP_COPY_100MB\롯데호텔%202025년%20정보보호시스템%20취약점%20진단(사업장%20물리침투)%20계획((Autorecovered-312110791638331750)).ppt
D:\Users\sumin\AppData\Roaming\Microsoft\PowerPoint\롯데호텔%202025년%20정보보호시스템%20취약점%20진단(사업장%20물리침투)%20계획312109782361495065\롯데호텔%202025년%20정보보호시스템%20취약점%20진단(사업장%20물리침투)%20계획((Autorecovered-312110791638331750)).ppt
C:\DESKTOP-3825D2G_20251016_222657\TOP_COPY_100MB\롯데호텔%202025년%20정보보호시스템%20취약점%20진단(사업장%20물리침투)%20계획((Autorecovered-312110802694315527)).ppt
D:\Users\sumin\AppData\Roaming\Microsoft\PowerPoint\롯데호텔%202025년%20정보보호시스템%20취약점%20진단(사업장%20물리침투)%20계획312109782361495065\롯데호텔%202025년%20정보보호시스템%20취약점%20진단(사업장%20물리침투)%20계획((Autorecovered-312110802694315527)).ppt
C:\DESKTOP-3825D2G_20251016_222657\TOP_COPY_100MB\롯데호텔%202025년%20정보보호시스템%20취약점%20진단(사업장%20물리침투)%20계획((Autorecovered-312110813671106885)).ppt
D:\Users\sumin\AppData\Roaming\Microsoft\PowerPoint\롯데호텔%202025년%20정보보호시스템%20취약점%20진단(사업장%20물리침투)%20계획312109782361495065\롯데호텔%202025년%20정보보호시스템%20취약점%20진단(사업장%20물리침투)%20계획((Autorecovered-312110813671106885)).ppt
D:\Users\sumin\AppData\Roaming\Microsoft\PowerPoint\롯데호텔%202025년%20정보보호시스템%20취약점%20진단(사업장%20물리침투)%20계획312109782361495065\롯데호텔%202025년%20정보보호시스템%20취약점%20진단(사업장%20물리침투)%20계획서.pptx.lnk
C:\Users\suminDRM\Downloads\[롯데면세점] LDFPAY 마케팅 개선 프로젝트 소스코드 2차진단 결과보고서_v1.0\별첨1_롯데면세점_LDFPAY_마케팅개선_ldfs-batch_소스코드_2차진단결과_가이드.pdf
C:\Users\suminDRM\Downloads\[롯데면세점] LDFPAY 마케팅 개선 프로젝트 소스코드 2차진단 결과보고서_v1.0\별첨2_롯데면세점_LDFPAY_마케팅개선_ldfs-batch_소스코드_2차진단결과_목록표.xls
C:\Users\suminDRM\Downloads\[롯데면세점] LDFPAY 마케팅 개선 프로젝트 소스코드 2차진단 결과보고서_v1.0\별첨3_롯데면세점_LDFPAY_마케팅개선_ldfs-min04_소스코드_2차진단결과_가이드.pdf
C:\Users\suminDRM\AppData\Roaming\Microsoft\Windows\Recent\별첨3_롯데면세점_LDFPAY_마케팅개선_ldfs-min04_소스코드_2차진단결과_가이드.pdf.lnk
C:\Users\suminDRM\Downloads\[롯데면세점] LDFPAY 마케팅 개선 프로젝트 소스코드 2차진단 결과보고서_v1.0\별첨4_롯데면세점_LDFPAY_마케팅개선_ldfs-min04_소스코드_2차진단결과_목록표.xls
C:\Users\suminDRM\AppData\Roaming\Microsoft\Windows\Recent\별첨4_롯데면세점_LDFPAY_마케팅개선_ldfs-min04_소스코드_2차진단결과_목록표.xls.lnk
C:\Users\suminDRM\Downloads\[롯데면세점] LDFPAY 마케팅 개선 프로젝트 소스코드 2차진단 결과보고서_v1.0\별첨5_롯데면세점_LDFPAY_마케팅개선_ldfs-nxcro_소스코드_2차진단결과_가이드.pdf
C:\Users\suminDRM\AppData\Roaming\Microsoft\Windows\Recent\별첨5_롯데면세점_LDFPAY_마케팅개선_ldfs-nxcro_소스코드_2차진단결과_가이드.pdf.lnk
C:\Users\suminDRM\Downloads\[롯데면세점] LDFPAY 마케팅 개선 프로젝트 소스코드 2차진단 결과보고서_v1.0\별첨6_롯데면세점_LDFPAY_마케팅개선_ldfs-nxcro_소스코드_2차진단결과_목록표.xls
D:\HanaScan\ETC_Recog\BuSanBank\FormReg\보험청약서.ini
D:\HanaScan\ETC_Recog\DaeGuBank\FormReg\보험청약서.ini
D:\HanaScan\ETC_Recog\GyeongnamBank\FormReg\보험청약서.ini
D:\HanaScan\ETC_Recog\ibkBank\FormReg\보험청약서.ini
D:\HanaScan\ETC_Recog\JeJuBank\FormReg\보험청약서.ini
D:\HanaScan\ETC_Recog\KBBank\FormReg\보험청약서.ini
D:\HanaScan\ETC_Recog\KEBBank\FormReg\보험청약서.ini
D:\HanaScan\ETC_Recog\NHBank\FormReg\보험청약서.ini
D:\HanaScan\ETC_Recog\Wooribank\FormReg\보험청약서.ini
D:\HanaScan\ETC_Recog\BuSanBank\FormReg\보험청약서.tif
D:\HanaScan\ETC_Recog\DaeGuBank\FormReg\보험청약서.tif
D:\HanaScan\ETC_Recog\GyeongnamBank\FormReg\보험청약서.tif
D:\HanaScan\ETC_Recog\ibkBank\FormReg\보험청약서.tif
D:\HanaScan\ETC_Recog\JeJuBank\FormReg\보험청약서.tif
D:\HanaScan\ETC_Recog\KBBank\FormReg\보험청약서.tif
D:\HanaScan\ETC_Recog\KEBBank\FormReg\보험청약서.tif
D:\HanaScan\ETC_Recog\NHBank\FormReg\보험청약서.tif
D:\HanaScan\ETC_Recog\Wooribank\FormReg\보험청약서.tif
D:\HanaScan\ETC_Recog\BuSanBank\FormReg\보험청약서2.ini
D:\HanaScan\ETC_Recog\DaeGuBank\FormReg\보험청약서2.ini
D:\HanaScan\ETC_Recog\GyeongnamBank\FormReg\보험청약서2.ini
D:\HanaScan\ETC_Recog\ibkBank\FormReg\보험청약서2.ini
D:\HanaScan\ETC_Recog\JeJuBank\FormReg\보험청약서2.ini
D:\HanaScan\ETC_Recog\KBBank\FormReg\보험청약서2.ini
D:\HanaScan\ETC_Recog\KEBBank\FormReg\보험청약서2.ini
D:\HanaScan\ETC_Recog\NHBank\FormReg\보험청약서2.ini
D:\HanaScan\ETC_Recog\Wooribank\FormReg\보험청약서2.ini
D:\HanaScan\ETC_Recog\BuSanBank\FormReg\보험청약서2.tif
D:\HanaScan\ETC_Recog\DaeGuBank\FormReg\보험청약서2.tif
D:\HanaScan\ETC_Recog\GyeongnamBank\FormReg\보험청약서2.tif
D:\HanaScan\ETC_Recog\ibkBank\FormReg\보험청약서2.tif
D:\HanaScan\ETC_Recog\JeJuBank\FormReg\보험청약서2.tif
D:\HanaScan\ETC_Recog\KBBank\FormReg\보험청약서2.tif
D:\HanaScan\ETC_Recog\KEBBank\FormReg\보험청약서2.tif
D:\HanaScan\ETC_Recog\NHBank\FormReg\보험청약서2.tif
D:\HanaScan\ETC_Recog\Wooribank\FormReg\보험청약서2.tif
D:\Users\sumin\Downloads\비밀유지_서약서_파티용.docx
C:\DESKTOP-3825D2G_20251016_222657\TOP_COPY_100MB\손익산정서_웰푸드 2025년 연간 상시 취약점 진단.xlsx
C:\Users\suminDRM\Downloads\손익산정서_웰푸드 2025년 연간 상시 취약점 진단.xlsx
C:\Users\suminDRM\Downloads\[보안컨설팅팀] 각 사업 담당 PM 서류 작성 요청의 건 (회신 _ 10_17 오전 11시까지)\손익산정서_웰푸드 2025년 연간 상시 취약점 진단.xlsx
C:\Users\suminDRM\Downloads\스패로우5.6_소스코드 진단 매뉴얼(2024) - 복사본.pptx
C:\Users\suminDRM\Downloads\스패로우5.6_소스코드 진단 매뉴얼(2024).pptx
D:\Users\sumin\Downloads\스패로우5.6_소스코드 진단 매뉴얼(2024).pptx
C:\DESKTOP-3825D2G_20251016_222657\TOP_COPY_100MB\스패로우5.6_소스코드 진단 매뉴얼(2025).pptx
D:\Users\sumin\Downloads\소스코드 매뉴얼 및 체커 고도화\스패로우5.6_소스코드 진단 매뉴얼(2025).pptx
C:\DESKTOP-3825D2G_20251016_222657\TOP_COPY_100MB\스패로우5.6_소스코드 진단 매뉴얼(2025)_수정중.pptx
D:\Users\sumin\Downloads\스패로우5.6_소스코드 진단 매뉴얼(2025)_수정중.pptx
C:\DESKTOP-3825D2G_20251016_222657\TOP_COPY_100MB\웰푸드 2025년 연간 상시 취약점진단 WBS.xlsx
D:\Users\sumin\Downloads\웰푸드 2025년 연간 상시 취약점진단 WBS.xlsx
D:\Users\sumin\AppData\Roaming\Microsoft\Windows\Recent\웰푸드 2025년 연간 상시 취약점진단 WBS.xlsx.lnk
C:\DESKTOP-3825D2G_20251016_222657\TOP_COPY_100MB\웰푸드 보안서약서.zip
D:\Users\sumin\Downloads\웰푸드 보안서약서.zip
C:\Users\suminDRM\Desktop\25 SI\대홍기획\제안서_대홍기획 2025년 연간 상시 취약점 진단.pptx
C:\Users\suminDRM\AppData\Roaming\Microsoft\Office\Recent\제안서_대홍기획 2025년 연간 상시 취약점 진단.pptx.LNK
C:\Users\suminDRM\AppData\Roaming\Microsoft\Windows\Recent\제안서_대홍기획 2025년 연간 상시 취약점 진단.pptx.lnk
C:\DESKTOP-3825D2G_20251016_222657\TOP_COPY_100MB\제안서_웰푸드 2025년 연간 상시 취약점 진단 (1).pptx
C:\Users\suminDRM\AppData\Roaming\Microsoft\Office\Recent\제안서_웰푸드 2025년 연간 상시 취약점 진단 (1).pptx.LNK
C:\Users\suminDRM\AppData\Roaming\Microsoft\Windows\Recent\제안서_웰푸드 2025년 연간 상시 취약점 진단 (1).pptx.lnk
C:\DESKTOP-3825D2G_20251016_222657\TOP_COPY_100MB\제안서_웰푸드 2025년 연간 상시 취약점 진단.pptx
C:\Users\suminDRM\Downloads\제안서_웰푸드 2025년 연간 상시 취약점 진단.pptx
C:\Users\suminDRM\Downloads\[보안컨설팅팀] 각 사업 담당 PM 서류 작성 요청의 건 (회신 _ 10_17 오전 11시까지)\제안서_웰푸드 2025년 연간 상시 취약점 진단.pptx
D:\Users\sumin\Downloads\제안서_웰푸드 2025년 연간 상시 취약점 진단.pptx
C:\Users\suminDRM\AppData\Roaming\Microsoft\Windows\Recent\제안서_웰푸드 2025년 연간 상시 취약점 진단.pptx.lnk
D:\Users\sumin\AppData\Roaming\Microsoft\Windows\Recent\제안서_웰푸드 2025년 연간 상시 취약점 진단.pptx.lnk
D:\Users\sumin\Downloads\졸업증명서_보안_선수민.pdf
D:\Users\sumin\Downloads\2025 주요정보통신기반시설 모의해킹 템플릿\주요정보통신기반시설 OOOO 모바일 취약점 진단 결과 보고서_v0.1.docx
D:\Users\sumin\Downloads\2025 주요정보통신기반시설 모의해킹 템플릿\주요정보통신기반시설 OOOO 웹 취약점 진단 결과 보고서.docx
D:\Users\sumin\AppData\Roaming\Microsoft\Windows\Recent\주요정보통신기반시설 OOOO 웹 취약점 진단 결과 보고서.docx.lnk
C:\DESKTOP-3825D2G_20251016_222657\TOP_COPY_100MB\코리아세븐_안드로이드POS_프로젝트_보안진단.zip
C:\Users\suminDRM\Downloads\코리아세븐_안드로이드POS_프로젝트_보안진단.zip
C:\Users\suminDRM\Downloads\코리아세븐_안드로이드POS_프로젝트_보안진단\코리아세븐_안드로이드POS_프로젝트_보안진단.zip
D:\Users\sumin\AppData\Local\Microsoft\Windows\INetCache\Content.Outlook\4A6KQVNO\큐브리펀드 클라우드 전환 프로젝트 1차 소스코드 진단 결과보고서.zip
D:\Users\sumin\Downloads\통합스크립트_ver1.0\통합진단스크립트 수행 매뉴얼_v1.1.pptx
D:\Users\sumin\AppData\Roaming\Microsoft\Windows\Recent\통합진단스크립트 수행 매뉴얼_v1.1.pptx.lnk
C:\Users\suminDRM\AppData\Roaming\Microsoft\Windows\Recent\후지필름 연간 상시 취약점 진단 점검 결과 보고서(웹,인프라).lnk
D:\Users\sumin\AppData\Roaming\Microsoft\Office\Recent\후지필름 연간 상시 취약점 진단 점검 결과 보고서(웹,인프라).LNK
D:\Users\sumin\AppData\Roaming\Microsoft\Windows\Recent\후지필름 연간 상시 취약점 진단 점검 결과 보고서(웹,인프라).lnk
C:\Users\suminDRM\Downloads\후지필름 연간 상시 취약점 진단 점검 결과 보고서(웹,인프라).zip
D:\Users\sumin\Downloads\후지필름 연간 상시 취약점 진단 점검 결과 보고서(웹,인프라).zip

