=== Keyword: 주민|등록|번호|신분|운전|면허|여권|건강|보험|진단|자격|증명|재직|졸업|성적|신청|접수|고객|회원|인적사항|사번|직원|본인|인증|인적|월급|연봉|명세|비밀|계약|서약 ===
C:\$Recycle.Bin\S-1-5-21-3993186994-3905677303-1410468105-1001\$R8GGN2V\data_20251018_041524\TOP_COPY_100MB\CCTV녹화기(DVR,NVR) 제조사별 초기 ID 및 비밀번호 PW.docx
C:\$Recycle.Bin\S-1-5-21-3993186994-3905677303-1410468105-1001\$R9412IC\data_20251018_013510\TOP_COPY_100MB\CCTV녹화기(DVR,NVR) 제조사별 초기 ID 및 비밀번호 PW.docx
C:\$Recycle.Bin\S-1-5-21-3993186994-3905677303-1410468105-1001\$R9412IC\data_20251018_013530\TOP_COPY_100MB\CCTV녹화기(DVR,NVR) 제조사별 초기 ID 및 비밀번호 PW.docx
C:\$Recycle.Bin\S-1-5-21-3993186994-3905677303-1410468105-1001\$R9412IC\data_20251018_014358\TOP_COPY_100MB\CCTV녹화기(DVR,NVR) 제조사별 초기 ID 및 비밀번호 PW.docx
C:\$Recycle.Bin\S-1-5-21-3993186994-3905677303-1410468105-1001\$R9412IC\data_20251018_014722\TOP_COPY_100MB\CCTV녹화기(DVR,NVR) 제조사별 초기 ID 및 비밀번호 PW.docx
C:\$Recycle.Bin\S-1-5-21-3993186994-3905677303-1410468105-1001\$R9IX6RX\data_20251018_025821\TOP_COPY_100MB\CCTV녹화기(DVR,NVR) 제조사별 초기 ID 및 비밀번호 PW.docx
C:\$Recycle.Bin\S-1-5-21-3993186994-3905677303-1410468105-1001\$R9IX6RX\data_20251018_025924\TOP_COPY_100MB\CCTV녹화기(DVR,NVR) 제조사별 초기 ID 및 비밀번호 PW.docx
C:\$Recycle.Bin\S-1-5-21-3993186994-3905677303-1410468105-1001\$RA8IDYV\CCTV녹화기(DVR,NVR) 제조사별 초기 ID 및 비밀번호 PW.docx
C:\$Recycle.Bin\S-1-5-21-3993186994-3905677303-1410468105-1001\$RDVMF84\data_20251018_015545\TOP_COPY_100MB\CCTV녹화기(DVR,NVR) 제조사별 초기 ID 및 비밀번호 PW.docx
C:\$Recycle.Bin\S-1-5-21-3993186994-3905677303-1410468105-1001\$RDVMF84\data_20251018_015957\TOP_COPY_100MB\CCTV녹화기(DVR,NVR) 제조사별 초기 ID 및 비밀번호 PW.docx
C:\$Recycle.Bin\S-1-5-21-3993186994-3905677303-1410468105-1001\$RDVMF84\data_20251018_020443\TOP_COPY_100MB\CCTV녹화기(DVR,NVR) 제조사별 초기 ID 및 비밀번호 PW.docx
C:\$Recycle.Bin\S-1-5-21-3993186994-3905677303-1410468105-1001\$RDVMF84\data_20251018_020505\TOP_COPY_100MB\CCTV녹화기(DVR,NVR) 제조사별 초기 ID 및 비밀번호 PW.docx
C:\Users\sumin\Desktop\25 호텔\old\data_20251018_031110\TOP_COPY_100MB\CCTV녹화기(DVR,NVR) 제조사별 초기 ID 및 비밀번호 PW.docx
C:\Users\sumin\Desktop\25 호텔\old\data_20251018_032508\TOP_COPY_100MB\CCTV녹화기(DVR,NVR) 제조사별 초기 ID 및 비밀번호 PW.docx
C:\Users\sumin\Desktop\25 호텔\old\data_20251018_032601\TOP_COPY_100MB\CCTV녹화기(DVR,NVR) 제조사별 초기 ID 및 비밀번호 PW.docx
C:\Users\sumin\Desktop\25 호텔\old\data_20251018_032706\TOP_COPY_100MB\CCTV녹화기(DVR,NVR) 제조사별 초기 ID 및 비밀번호 PW.docx
C:\Users\sumin\Desktop\25 호텔\old\data_20251018_032829\TOP_COPY_100MB\CCTV녹화기(DVR,NVR) 제조사별 초기 ID 및 비밀번호 PW.docx
C:\Users\sumin\Desktop\25 호텔\old\data_20251018_033156\TOP_COPY_100MB\CCTV녹화기(DVR,NVR) 제조사별 초기 ID 및 비밀번호 PW.docx
C:\Users\sumin\Desktop\25 호텔\old\data_20251018_033803\TOP_COPY_100MB\CCTV녹화기(DVR,NVR) 제조사별 초기 ID 및 비밀번호 PW.docx
C:\Users\sumin\Downloads\CCTV녹화기(DVR,NVR) 제조사별 초기 ID 및 비밀번호 PW.docx
C:\Users\sumin\AppData\Roaming\Microsoft\Windows\Recent\CCTV녹화기(DVR,NVR) 제조사별 초기 ID 및 비밀번호 PW.docx.lnk
C:\$Recycle.Bin\S-1-5-21-3993186994-3905677303-1410468105-1001\$R8GGN2V\data_20251018_041524\TOP_COPY_100MB\CCTV녹화기(DVR,NVR) 제조사별 초기 ID 및 비밀번호 PW.txt
C:\$Recycle.Bin\S-1-5-21-3993186994-3905677303-1410468105-1001\$R9412IC\data_20251018_013510\TOP_COPY_100MB\CCTV녹화기(DVR,NVR) 제조사별 초기 ID 및 비밀번호 PW.txt
C:\$Recycle.Bin\S-1-5-21-3993186994-3905677303-1410468105-1001\$R9412IC\data_20251018_013530\TOP_COPY_100MB\CCTV녹화기(DVR,NVR) 제조사별 초기 ID 및 비밀번호 PW.txt
C:\$Recycle.Bin\S-1-5-21-3993186994-3905677303-1410468105-1001\$R9412IC\data_20251018_014358\TOP_COPY_100MB\CCTV녹화기(DVR,NVR) 제조사별 초기 ID 및 비밀번호 PW.txt
C:\$Recycle.Bin\S-1-5-21-3993186994-3905677303-1410468105-1001\$R9412IC\data_20251018_014722\TOP_COPY_100MB\CCTV녹화기(DVR,NVR) 제조사별 초기 ID 및 비밀번호 PW.txt
C:\$Recycle.Bin\S-1-5-21-3993186994-3905677303-1410468105-1001\$R9IX6RX\data_20251018_025821\TOP_COPY_100MB\CCTV녹화기(DVR,NVR) 제조사별 초기 ID 및 비밀번호 PW.txt
C:\$Recycle.Bin\S-1-5-21-3993186994-3905677303-1410468105-1001\$R9IX6RX\data_20251018_025924\TOP_COPY_100MB\CCTV녹화기(DVR,NVR) 제조사별 초기 ID 및 비밀번호 PW.txt
C:\$Recycle.Bin\S-1-5-21-3993186994-3905677303-1410468105-1001\$RA8IDYV\CCTV녹화기(DVR,NVR) 제조사별 초기 ID 및 비밀번호 PW.txt
C:\$Recycle.Bin\S-1-5-21-3993186994-3905677303-1410468105-1001\$RDVMF84\data_20251018_015545\TOP_COPY_100MB\CCTV녹화기(DVR,NVR) 제조사별 초기 ID 및 비밀번호 PW.txt
C:\$Recycle.Bin\S-1-5-21-3993186994-3905677303-1410468105-1001\$RDVMF84\data_20251018_015957\TOP_COPY_100MB\CCTV녹화기(DVR,NVR) 제조사별 초기 ID 및 비밀번호 PW.txt
C:\$Recycle.Bin\S-1-5-21-3993186994-3905677303-1410468105-1001\$RDVMF84\data_20251018_020443\TOP_COPY_100MB\CCTV녹화기(DVR,NVR) 제조사별 초기 ID 및 비밀번호 PW.txt
C:\$Recycle.Bin\S-1-5-21-3993186994-3905677303-1410468105-1001\$RDVMF84\data_20251018_020505\TOP_COPY_100MB\CCTV녹화기(DVR,NVR) 제조사별 초기 ID 및 비밀번호 PW.txt
C:\Users\sumin\Desktop\25 호텔\old\data_20251018_031110\TOP_COPY_100MB\CCTV녹화기(DVR,NVR) 제조사별 초기 ID 및 비밀번호 PW.txt
C:\Users\sumin\Desktop\25 호텔\old\data_20251018_032508\TOP_COPY_100MB\CCTV녹화기(DVR,NVR) 제조사별 초기 ID 및 비밀번호 PW.txt
C:\Users\sumin\Desktop\25 호텔\old\data_20251018_032601\TOP_COPY_100MB\CCTV녹화기(DVR,NVR) 제조사별 초기 ID 및 비밀번호 PW.txt
C:\Users\sumin\Desktop\25 호텔\old\data_20251018_032706\TOP_COPY_100MB\CCTV녹화기(DVR,NVR) 제조사별 초기 ID 및 비밀번호 PW.txt
C:\Users\sumin\Desktop\25 호텔\old\data_20251018_032829\TOP_COPY_100MB\CCTV녹화기(DVR,NVR) 제조사별 초기 ID 및 비밀번호 PW.txt
C:\Users\sumin\Desktop\25 호텔\old\data_20251018_033156\TOP_COPY_100MB\CCTV녹화기(DVR,NVR) 제조사별 초기 ID 및 비밀번호 PW.txt
C:\Users\sumin\Desktop\25 호텔\old\data_20251018_033803\TOP_COPY_100MB\CCTV녹화기(DVR,NVR) 제조사별 초기 ID 및 비밀번호 PW.txt
C:\Users\sumin\Downloads\CCTV녹화기(DVR,NVR) 제조사별 초기 ID 및 비밀번호 PW.txt

