=== Keyword: 주민|등록|번호|신분|운전|면허|여권|건강|보험|진단|자격|증명|재직|졸업|성적|신청|접수|고객|회원|인적사항|사번|직원|본인|인증|인적|월급|연봉|명세|비밀|계약|서약 ===
C:\ProgramData\Microsoft\Windows\Start Menu\Programs\SignKorea NA 인증 프로그램
C:\Users\RESORT\AppData\Roaming\HNC\Office\Recent\(물품)승낙사항(계약서생략시).hwp.lnk
C:\Users\RESORT\AppData\Roaming\HNC\Office\Recent\(붙임 3) 인정자격 목록.hwp.lnk
C:\Users\RESORT\AppData\Roaming\HNC\Office\Recent\(붙임3) 2025년도 근무성적평정(인사평가) 관련 서식(개별 업무성과분야)_이지선.hwp.lnk
C:\Users\RESORT\AppData\Roaming\Microsoft\Windows\Recent\(붙임3) 2025년도 근무성적평정(인사평가) 관련 서식(개별 업무성과분야)_이지선.hwp.lnk
C:\Users\RESORT\AppData\Roaming\HNC\Office\Recent\(유치원)수의계약 각서. 청렴계약이행서약서. 조세포탈 각서.청렴서약서(수의). 승낙사항.(용역) (1).hwp.lnk
C:\Users\RESORT\AppData\Roaming\HNC\Office\Recent\0. 20231030 금융투자상품 매매명세 등 신고양식(신입직원용).hwp.lnk
C:\Users\RESORT\AppData\Roaming\HNC\Office\Recent\05-의정부녹양역세권 주상복합개발사업 브릿지대출 및 본PF 금융주선계약서(대륙아주수정안)(M의견) (1).docx.lnk
C:\Users\RESORT\AppData\Roaming\HNC\Office\Recent\1. 강사서약서_양정자.hwp.lnk
C:\Users\RESORT\AppData\Roaming\Microsoft\Windows\Recent\1_제출신청서.lnk
C:\Users\RESORT\AppData\Roaming\HNC\Office\Recent\2022. 07. 25. 북한주민 재산 처분 등 허가신청서.hwp.lnk
C:\Users\RESORT\AppData\Roaming\HNC\Office\Recent\2022. 07. 26. 북한주민 재산 처분 등 허가신청서-수정.hwp.lnk
C:\Users\RESORT\AppData\Roaming\HNC\Office\Recent\2022. 07. 26. 북한주민 재산 처분 등 허가신청서-최종.hwp.lnk
C:\Users\RESORT\AppData\Roaming\HNC\Office\Recent\2022. 07. 26. 북한주민 재산 처분 등 허가신청서.hwp.lnk
C:\Users\RESORT\AppData\Roaming\HNC\Office\Recent\20220810부동산임대차계약서-최도희친구.hwp.lnk
C:\Users\RESORT\AppData\Roaming\HNC\Office\Recent\20220819(1)중앙토지수용위원회 협의신청 공문(0819).hwp.lnk
C:\Users\RESORT\AppData\Roaming\HNC\Office\Recent\2022년 하반기 근무성적평정 절차 및 방법 (1).hwp.lnk
C:\Users\RESORT\AppData\Roaming\HNC\Office\Recent\2023 교외체험학습 신청서 및 보고서.hwp.lnk
C:\Users\RESORT\AppData\Roaming\HNC\Office\Recent\2023 교외체험학습 신청서 및 보고서.pdf.lnk
C:\Users\RESORT\AppData\Roaming\HNC\Office\Recent\2023 현장실습 참여·선도기업 신청서_초위스컴퍼니.hwp.lnk
C:\Users\RESORT\AppData\Roaming\HNC\Office\Recent\2023 현장실습 참여·선도기업 신청서_초위스컴퍼니.hwpx.lnk
C:\Users\RESORT\AppData\Roaming\HNC\Office\Recent\20231030 금융투자상품 매매명세 등 신고양식(신입직원용).hwp.lnk
C:\Users\RESORT\AppData\Roaming\HNC\Office\Recent\2023년 부양가족 신청서.hwp.lnk
C:\Users\RESORT\AppData\Roaming\HNC\Office\Recent\2023년 상반기 근무성적평정 절차 및 방법(배창섭).hwp.lnk
C:\Users\RESORT\AppData\Roaming\HNC\Office\Recent\2023년 서울엄빠 행복한 순간 공모전 신청서(영상-우리 집의 재발견).hwp.lnk
C:\Users\RESORT\AppData\Roaming\HNC\Office\Recent\2024년 농식품가공 아카데미 운영계획(교육신청서 포함).hwp.lnk
C:\Users\RESORT\AppData\Roaming\HNC\Office\Recent\2024년 양양군가족센터 팀원 (진로설계)지원 신청서(김문정).hwp.lnk
C:\Users\RESORT\AppData\Roaming\HNC\Office\Recent\2024년 양양군가족센터 팀원 (진로설계)지원 신청서.hwp.lnk
C:\Users\RESORT\AppData\Roaming\HNC\Office\Recent\2024년 지원 신청서(김문정).hwp.lnk
C:\Users\RESORT\AppData\Roaming\HNC\Office\Recent\2025한영컨설팅 신청서_기창업자용.hwp.lnk
C:\Users\RESORT\AppData\Roaming\HNC\Office\Recent\240705_2024 전체 직원연수 진행(다연 수정).hwp.lnk
C:\Users\RESORT\AppData\Roaming\Microsoft\Windows\Recent\250906 송성용&이주희 웨딩명세서.xlsx.lnk
C:\Users\RESORT\AppData\Roaming\Microsoft\Windows\Recent\250912 강원테크노파크 기업지원단세미나 명세서.xlsx.lnk
C:\Users\RESORT\AppData\Roaming\HNC\Office\Recent\4. 주민복지국.hwp.lnk
C:\Users\RESORT\AppData\Roaming\HNC\Office\Recent\4대사회보험 사업장 가입자명부 제출 불가 기업 대체서류 제출안내.hwp.lnk
C:\Users\RESORT\AppData\Roaming\Microsoft\Windows\Recent\5월 급여명세서 - 한국에스웨이.htm.lnk
C:\Users\RESORT\AppData\Roaming\Microsoft\Windows\Recent\6월 급여명세서 - 한국에스웨이.htm.lnk
C:\Users\RESORT\AppData\Roaming\Microsoft\Windows\Recent\7월 급여명세서 - 한국에스웨이.htm.lnk
C:\Users\RESORT\AppData\Roaming\Microsoft\Office\Recent\[InSol] 효력정지 신청서 (clean-의견).doc.LNK
C:\Users\RESORT\AppData\Roaming\Microsoft\Office\Recent\[InSol] 효력정지 신청서 (clean-의견1).doc.LNK
C:\CREON\HTS\mk-radar\system\prosyscondi001\[자동200계약당 -1점]외국인 선물순매도 추적.xml
C:\CREON\HTS\mk-radar\system\prosyscondi001\[자동200계약당1점]외국인 선물순매수 추적.xml
C:\Users\RESORT\AppData\Roaming\HNC\Office\Recent\[교육과-42286 (첨부) 삼숭중학교] 삼숭중(2024-20호) 학교폭력 접수 보고서.hwp.lnk
C:\Users\RESORT\AppData\Roaming\Microsoft\Office\Recent\[롯데리조트 속초] 성남시자원봉사센터 객실번호 (최종).xls.LNK
C:\Users\RESORT\AppData\Roaming\Microsoft\Windows\Recent\[롯데리조트 속초] 성남시자원봉사센터 객실번호 (최종).xls.lnk
C:\Users\RESORT\AppData\Roaming\HNC\Office\Recent\[별지 제15호서식] 자동차양도증명서(양도인ㆍ양수인 직접 거래용).hwp.lnk
C:\Users\RESORT\AppData\Roaming\HNC\Office\Recent\[붙임 1] 수행계획 변경 신청서_2024 바이오 디지털 헬스케어 산업 글로벌 지원사업_UNIST - 수정.hwpx.lnk
C:\Users\RESORT\AppData\Roaming\HNC\Office\Recent\[붙임 1] 수행계획 변경 신청서_2024 바이오 디지털 헬스케어 산업 글로벌 지원사업_UNIST_제출.hwp.lnk
C:\Users\RESORT\AppData\Roaming\HNC\Office\Recent\[붙임 1] 수행계획 변경 신청서_2024 바이오 디지털 헬스케어 산업 글로벌 지원사업_UNIST_제출.pdf.lnk
C:\Users\RESORT\AppData\Roaming\HNC\Office\Recent\[서식] 비영리법인 정관 변경허가 신청 안내 및 제출서류.hwp.lnk
C:\Users\RESORT\AppData\Roaming\HNC\Office\Recent\[서식]_비영리법인_설립신청_안내_및_제출서류(행정안전부_소관)(예시문) (1).hwpx.lnk
C:\Users\RESORT\AppData\Roaming\HNC\Office\Recent\[서식]_비영리법인_설립신청_안내_및_제출서류(행정안전부_소관)(예시문) (2).hwpx.lnk
C:\Users\RESORT\AppData\Roaming\HNC\Office\Recent\[서식]_비영리법인_설립신청_안내_및_제출서류(행정안전부_소관)(예시문) (3) (1).hwp.lnk
C:\Users\RESORT\AppData\Roaming\HNC\Office\Recent\[서식]_비영리법인_설립신청_안내_및_제출서류(행정안전부_소관)(예시문) (3) (2).hwp.lnk
C:\Users\RESORT\AppData\Roaming\HNC\Office\Recent\[서식]_비영리법인_설립신청_안내_및_제출서류(행정안전부_소관)(예시문) (3) (4).hwp.lnk
C:\Users\RESORT\AppData\Roaming\HNC\Office\Recent\[서식]_비영리법인_설립신청_안내_및_제출서류(행정안전부_소관)(예시문) (3).hwp.lnk
C:\Users\RESORT\AppData\Roaming\HNC\Office\Recent\[서식]_비영리법인_설립신청_안내_및_제출서류(행정안전부_소관)(예시문) (3).hwpx.lnk
C:\Users\RESORT\AppData\Roaming\HNC\Office\Recent\[서식]_비영리법인_설립신청_안내_및_제출서류(행정안전부_소관)(예시문) (4).hwpx.lnk
C:\Users\RESORT\AppData\Roaming\HNC\Office\Recent\[서식]_비영리법인_설립신청_안내_및_제출서류(행정안전부_소관)(예시문).hwpx.lnk
C:\Users\RESORT\AppData\Roaming\HNC\Office\Recent\[양식] 신청기업 현황서 (1).hwp.lnk
C:\Users\RESORT\AppData\Roaming\HNC\Office\Recent\[양식] 신청기업 현황서.hwp.lnk
C:\Users\RESORT\AppData\Roaming\HNC\Office\Recent\[트레셋]재직증명서_박경국.pdf.lnk
C:\Users\RESORT\AppData\Roaming\HNC\Office\Recent\[트레셋]재직증명서_양식.hwp.lnk
C:\Users\RESORT\AppData\Roaming\Microsoft\Office\Recent\[학교등록부]2023년 고3 진학담당교원 대입 역량강화 직무연수(230222) (1).xlsx.LNK
C:\Users\RESORT\AppData\Roaming\HNC\Office\Recent\CBC 창업경진대회 신청서 문서 최종.hwp.lnk
C:\미래에셋증권\카이로스\image\image\hts_정회원아이디변경.bmp
C:\미래에셋증권\카이로스\image\image\hts_정회원아이디변경_force.bmp
C:\미래에셋증권\카이로스\image\image\hts_정회원아이디변경_sise.bmp
C:\미래에셋증권\카이로스\image\image\hts_정회원아이디변경_sise_f.bmp
C:\미래에셋증권\카이로스\image\image\hts_준회원id사용불가안내.bmp
C:\Users\RESORT\AppData\Roaming\HNC\Office\Recent\STA-아르뮈르 독점공급계약서_수정.20240626docx.docx.lnk
C:\Users\RESORT\AppData\Roaming\HNC\Office\Recent\STA-아르뮈르 독점공급계약서_수정.docx.lnk
C:\Users\RESORT\AppData\Roaming\Microsoft\Windows\Start Menu\Programs\KSign\KSignCASE-NEIS\UnInstall NEIS 인증서 로그인 프로그램.lnk
C:\Users\RESORT\AppData\Roaming\HNC\Office\Recent\나무에[상품등록 수집자료]-다용도걸이 (버스모양).hwp.lnk
C:\Users\RESORT\AppData\Roaming\HNC\Office\Recent\나무에[상품등록 수집자료]-자동차.hwp.lnk
C:\Users\RESORT\AppData\Roaming\HNC\Office\Recent\나무에[상품등록 수집자료]-카메라.hwp.lnk
C:\Users\RESORT\AppData\Roaming\HNC\Office\Recent\나무에[상품등록 수집자료]-집모양연필꽃이.hwp.lnk
C:\Users\RESORT\AppData\Roaming\HNC\Office\Recent\나무에[상품등록 수집자료].hwp.lnk
C:\Users\RESORT\Documents\카카오톡 받은 파일\사건위임계약서.pdf
C:\Users\RESORT\AppData\Roaming\HNC\Office\Recent\자격증(속초).folder.lnk
C:\Users\RESORT\AppData\Roaming\HNC\Office\Recent\자동차 매매 계약서.hwp.lnk
C:\Users\RESORT\AppData\Roaming\HNC\Office\Recent\자동차양도증명서(양도인ㆍ양수인 직접 거래용).hwp.lnk
C:\Users\RESORT\AppData\Roaming\HNC\Office\Recent\자문위원 신청서류 및 위촉동의서 등.hwp.lnk
C:\Users\RESORT\AppData\Roaming\HNC\Office\Recent\우리주민주식회사 입사지원서.hwp.lnk
C:\Users\RESORT\AppData\Roaming\Microsoft\Windows\Recent\강명자(사업자등록증)세무.lnk
C:\Users\RESORT\AppData\Roaming\HNC\Office\Recent\개인정보제공동의서 양식_보험가입용.hwp.lnk
C:\Users\RESORT\AppData\Roaming\HNC\Office\Recent\거래명세서.folder.lnk
C:\Users\RESORT\AppData\Roaming\HNC\Office\Recent\계약제교원(체육과) 채용 공고.hwp.lnk
C:\미래에셋증권\카이로스\image\button\고객센터.bmp
C:\미래에셋증권\카이로스\chart\data\exp\고객예탁금.html
C:\Users\RESORT\AppData\Roaming\HNC\Office\Recent\광주 중앙 교회 제 3 여전도회 회원명단 수정본1.hwp.lnk
C:\Users\RESORT\AppData\Roaming\HNC\Office\Recent\교안뒤(1번)_사상진단지-[확대]무의식심리-몸(체질).hwp.lnk
C:\Users\RESORT\AppData\Roaming\Microsoft\Windows\Recent\근로계약서.jpeg.lnk
C:\Users\RESORT\AppData\Roaming\HNC\Office\Recent\금융주선계약서(조합최종안) (1).docx.lnk
C:\Users\Public\Downloads\금융주선계약서(조합최종안).docx
C:\Users\RESORT\AppData\Roaming\HNC\Office\Recent\금융주선계약서(조합최종안).docx.lnk
C:\Users\RESORT\AppData\Roaming\HNC\Office\Recent\금융주선계약서(조합최종안).hwa.lnk
C:\Users\RESORT\AppData\Roaming\HNC\Office\Recent\내용증명 2차 마을회관 매각건 (1).hwp.lnk
C:\Users\RESORT\AppData\Roaming\HNC\Office\Recent\내용증명 2차 마을회관 매각건 (2).hwp 수정본.hwp.lnk
C:\Users\RESORT\AppData\Roaming\HNC\Office\Recent\내용증명 2차 마을회관 매각건 (2).hwp.lnk
C:\Users\RESORT\AppData\Roaming\HNC\Office\Recent\내용증명 2차 마을회관 매각건.hwp.lnk
C:\Users\RESORT\AppData\Roaming\HNC\Office\Recent\디엠지-거래명세서 (1).hwp.lnk
C:\Users\RESORT\AppData\Roaming\HNC\Office\Recent\명찰 현장등록.hwpx.lnk
C:\Users\RESORT\AppData\Roaming\HNC\Office\Recent\모집신청서(농어촌공사).hwp.lnk
C:\Users\RESORT\AppData\Roaming\HNC\Office\Recent\목공체험 계약서.hwp.lnk
C:\Users\RESORT\Documents\카카오톡 받은 파일\민사위임계약서(박성일 님)3.hwp
C:\Users\RESORT\AppData\Roaming\HNC\Office\Recent\민사위임계약서(박성일 님)3.hwp.lnk
C:\Users\RESORT\AppData\Roaming\HNC\Office\Recent\민사위임계약서(박성일 님)최종본.hwp.lnk
C:\Users\RESORT\AppData\Roaming\HNC\Office\Recent\박정환교수님 강의계약서_1일차1강 (1).docx.lnk
C:\Users\RESORT\AppData\Roaming\HNC\Office\Recent\박정환교수님 강의계약서_1일차1강.docx.lnk
C:\Users\RESORT\AppData\Roaming\HNC\Office\Recent\붙임1-20200423 - 속초 해수욕장 관광지조성계획 변경신청서.hwp.lnk
C:\Users\RESORT\AppData\Roaming\HNC\Office\Recent\붙임1_학위신청동의서2023년+2월.hwp.lnk
C:\Users\RESORT\AppData\Roaming\HNC\Office\Recent\붙임2._2023 강원도-롯데백화점 공동 특판행사 참여신청서 및 동의서.hwp.lnk
C:\Users\RESORT\AppData\Roaming\HNC\Office\Recent\비영리법인신청서 (3).hwp.lnk
C:\Users\RESORT\AppData\Roaming\HNC\Office\Recent\비영리법인신청서 (4).hwp.lnk
C:\Users\RESORT\AppData\Roaming\HNC\Office\Recent\비영리법인신청서 (5).hwp.lnk
C:\Users\RESORT\AppData\Roaming\HNC\Office\Recent\비영리법인신청서 (6).hwp.lnk
C:\Users\RESORT\AppData\Roaming\HNC\Office\Recent\비영리법인신청서 (7).hwp.lnk
C:\Users\RESORT\AppData\Roaming\HNC\Office\Recent\비영리법인신청서 (8).hwp.lnk
C:\Users\RESORT\AppData\Roaming\HNC\Office\Recent\비영리법인신청서 (9) (1).hwp.lnk
C:\Users\RESORT\AppData\Roaming\HNC\Office\Recent\비영리법인신청서 (9) (2).hwp.lnk
C:\Users\RESORT\AppData\Roaming\HNC\Office\Recent\비영리법인신청서 (9) (3).hwp.lnk
C:\Users\RESORT\AppData\Roaming\HNC\Office\Recent\비영리법인신청서 (9).hwp.lnk
C:\Users\RESORT\AppData\Roaming\HNC\Office\Recent\비영리법인신청서.hwp.lnk
C:\미래에셋증권\카이로스\data\선옵매도주문접수완료.wav
C:\미래에셋증권\카이로스\data\선옵매수주문접수완료.wav
C:\미래에셋증권\카이로스\data\선옵정정주문접수완료.wav
C:\미래에셋증권\카이로스\data\선옵취소주문접수완료.wav
C:\Users\RESORT\AppData\Roaming\HNC\Office\Recent\속사협-직원채용2024년 (2).hwp.lnk
C:\Users\RESORT\AppData\Roaming\HNC\Office\Recent\속초YWCA햇살의집 상담원 지원신청서(김문정).hwp.lnk
C:\Users\RESORT\AppData\Roaming\HNC\Office\Recent\수당 지급명세서_이우룡.hwp.lnk
C:\Users\RESORT\AppData\Roaming\HNC\Office\Recent\수의계약 요청 사유서_웰니스관광ICC 공용장비.hwp.lnk
C:\Users\RESORT\AppData\Roaming\HNC\Office\Recent\스타트 인 노원_참여신청서.hwp.lnk
C:\Users\RESORT\AppData\Roaming\HNC\Office\Recent\승강기 검사연기(휴지) 신청서.hwp.lnk
C:\Users\RESORT\AppData\Roaming\HNC\Office\Recent\신청기업 현황서(제이퍼스트-확정전).hwp.lnk
C:\Users\RESORT\AppData\Roaming\HNC\Office\Recent\신청서 수정.hwp.lnk
C:\Users\RESORT\AppData\Roaming\HNC\Office\Recent\신청서_기창업자용.hwp.lnk
C:\Users\RESORT\AppData\Roaming\HNC\Office\Recent\신청인 (1).hwp.lnk
C:\Users\RESORT\AppData\Roaming\HNC\Office\Recent\신청인.hwp.lnk
C:\Users\RESORT\AppData\Roaming\HNC\Office\Recent\안전검사 연기신청서.hwp.lnk
C:\Users\RESORT\AppData\Roaming\HNC\Office\Recent\안전검사 연기신청서.pdf.lnk
C:\Users\RESORT\AppData\Roaming\HNC\Office\Recent\애브딤 표준근로계약서(02.01.).hwp.lnk
C:\Users\RESORT\AppData\Roaming\HNC\Office\Recent\여성기업신청 제이퍼스트 2025.folder.lnk
C:\Users\RESORT\AppData\Roaming\Microsoft\Windows\Recent\여성기업신청 제이퍼스트 2025.lnk
C:\Users\RESORT\AppData\Roaming\HNC\Office\Recent\예약부 근로계약서.folder.lnk
C:\미래에셋증권\카이로스\chart\data\finddata\other\oneclk\투자자동향\외국계회원_순매도.xml
C:\미래에셋증권\카이로스\chart\data\finddata\other\oneclk\투자자동향\외국계회원_순매수.xml
C:\미래에셋증권\카이로스\chart\data\finddata\sys\sys05\외국계회원_집중순매수.xml
C:\CREON\HTS\mk-radar\system\prosyscondi001\외국인 선물 순매도 -500계약이상.xml
C:\CREON\HTS\mk-radar\system\prosyscondi001\외국인 선물 순매수 500계약이상.xml
C:\미래에셋증권\카이로스\chart\data\finddata\other\oneclk\투자자동향\외국회원_순매도.xml
C:\미래에셋증권\카이로스\chart\data\finddata\sys\sys05\외국회원_순매도.xml
C:\미래에셋증권\카이로스\chart\data\finddata\other\oneclk\투자자동향\외국회원_순매수.xml
C:\미래에셋증권\카이로스\chart\data\finddata\sys\sys05\외국회원_순매수.xml
C:\미래에셋증권\카이로스\chart\data\finddata\other\oneclk\투자자동향\외국회원매도1만.xml
C:\미래에셋증권\카이로스\chart\data\finddata\sys\sys05\외국회원매도1만.xml
C:\미래에셋증권\카이로스\chart\data\finddata\other\oneclk\투자자동향\외국회원매수1만.xml
C:\미래에셋증권\카이로스\chart\data\finddata\sys\sys05\외국회원매수1만.xml
C:\Users\RESORT\AppData\Roaming\HNC\Office\Recent\유아건강_HJ_늦은 밤, 당신의 아이가 아프다면 ’우리아이 안심의료기관‘_개요.hwp.lnk
C:\Users\RESORT\AppData\Roaming\HNC\Office\Recent\유아건강_HJ_늦은 밤, 당신의 아이가 아프다면 ’우리아이 안심의료기관‘_최종.hwp.lnk
C:\Users\RESORT\AppData\Roaming\HNC\Office\Recent\음반(음원)등록명세서.hwp.lnk
C:\Users\RESORT\AppData\Roaming\HNC\Office\Recent\의정부녹양역세권 주상복합개발사업 브릿지대출 및 본PF 금융주선계약서(대륙아주수정안).docx.lnk
C:\Users\Public\Downloads\의정부녹양역세권 주상복합개발사업 브릿지대출 및 본PF 금융주선계약서(조합최종안).docx
C:\Users\RESORT\AppData\Roaming\HNC\Office\Recent\의정부녹양역세권 주상복합개발사업 브릿지대출 및 본PF 금융주선계약서(조합최종안).docx.lnk
C:\Users\RESORT\AppData\Roaming\HNC\Office\Recent\의정부녹양역세권 주상복합개발사업 브릿지대출 및 본PF 금융주선계약서(조합최종안).hwa.lnk
C:\Users\RESORT\AppData\Roaming\HNC\Office\Recent\이성호교수님 강의계약서_2일차1강 (1).docx.lnk
C:\Users\RESORT\AppData\Roaming\HNC\Office\Recent\이성호교수님 강의계약서_2일차1강.docx.lnk
C:\미래에셋증권\카이로스\image\image\이체종합_고객정보보호유의사항.bmp
C:\Users\RESORT\AppData\Roaming\HNC\Office\Recent\일반인 개표사무원 신청서(추천인 추가).hwp.lnk
C:\Users\RESORT\AppData\Roaming\HNC\Office\Recent\임대차계약서.hwp.lnk
C:\Users\RESORT\AppData\Roaming\HNC\Office\Recent\임용후보자등록원서.hwp.lnk
C:\Users\RESORT\AppData\Roaming\HNC\Office\Recent\입주관리 용역 연장 계약서(안).docx.lnk
C:\Users\RESORT\AppData\Roaming\Microsoft\Windows\Recent\재직증명서 (2).pdf.lnk
C:\Users\RESORT\AppData\Roaming\Microsoft\Windows\Recent\재직증명서 (2)001.jpg.lnk
C:\Users\RESORT\AppData\Roaming\Microsoft\Windows\Recent\재직증명서 3001.jpg.lnk
C:\Users\RESORT\AppData\Roaming\HNC\Office\Recent\전기차 보조금 신청서(전제용).pdf.lnk
C:\Users\RESORT\AppData\Roaming\HNC\Office\Recent\조에신청서.pdf.lnk
C:\Users\RESORT\AppData\Roaming\HNC\Office\Recent\주말가족농장 분양신청 공고문.hwp.lnk
C:\미래에셋증권\카이로스\data\주식매도주문접수완료.wav
C:\미래에셋증권\카이로스\data\주식매수주문접수완료.wav
C:\미래에셋증권\카이로스\data\주식정정주문접수완료.wav
C:\미래에셋증권\카이로스\data\주식취소주문접수완료.wav
C:\Users\RESORT\AppData\Roaming\HNC\Office\Recent\중앙토지수용위원회 협의신청 공문(0722).hwp.lnk
C:\Users\RESORT\AppData\Roaming\HNC\Office\Recent\창의아이디어톤 용역표준계약서.hwp.lnk
C:\Users\RESORT\AppData\Roaming\HNC\Office\Recent\채용공고문_2023년 기간제 직원(탐방로보수) 채용공고.hwp.lnk
C:\Users\RESORT\AppData\Roaming\HNC\Office\Recent\채용공고문_2023년 기간제 직원(한시인력_수익시설) 채용.hwp.lnk
C:\Users\RESORT\AppData\Roaming\HNC\Office\Recent\첨부1-20221031공공성 확보방안 계획 제출-관광과접수.hwp.lnk
C:\Users\RESORT\AppData\Roaming\HNC\Office\Recent\첨부3-20221220-102총사업비및재원조달계획제출-관광과접수.hwp.lnk
C:\Users\RESORT\AppData\Roaming\HNC\Office\Recent\체육대회 행사 상품 번호.hwp.lnk
C:\Users\RESORT\AppData\Roaming\HNC\Office\Recent\체험학습 신청서-보고서(2025.6.5 속초).hwp.lnk
C:\Users\RESORT\AppData\Roaming\HNC\Office\Recent\최지훈교수님 강의계약서_2일차2강 (1).docx.lnk
C:\Users\RESORT\AppData\Roaming\HNC\Office\Recent\최지훈교수님 강의계약서_2일차2강.docx.lnk
C:\Users\RESORT\AppData\Roaming\HNC\Office\Recent\충무초-(유치원)수의계약 각서. 청렴계약이행서약서. 조세포탈 각서.청렴서약서(수의). 승낙사항.(용역) (1) (1).hwp.lnk
C:\Users\RESORT\AppData\Roaming\HNC\Office\Recent\충무초-(유치원)수의계약 각서. 청렴계약이행서약서. 조세포탈 각서.청렴서약서(수의). 승낙사항.(용역) (1).hwp.lnk
C:\Users\RESORT\AppData\Roaming\HNC\Office\Recent\케이비부동산신탁_변론기일변경신청서v1.hwp.lnk
C:\Users\RESORT\AppData\Roaming\HNC\Office\Recent\케이비부동산신탁_석명준비명령 제출기한연장신청서v1.hwp.lnk
C:\Users\RESORT\AppData\Roaming\Microsoft\Windows\Recent\포인트 사업자등록증 메일.jpg.lnk
C:\Users\RESORT\AppData\Roaming\HNC\Office\Recent\프리랜서계약서-김보미.hwp.lnk
C:\Users\RESORT\AppData\Roaming\HNC\Office\Recent\프리랜서계약서-김수미.hwp.lnk
C:\Users\RESORT\AppData\Roaming\HNC\Office\Recent\학위신청동의서2023년+2월 홍유리.hwp.lnk
C:\Users\RESORT\AppData\Roaming\HNC\Office\Recent\한영컨설팅 신청서_기창업자용.23hwp.hwp.lnk
C:\Users\RESORT\AppData\Roaming\HNC\Office\Recent\홍상모교수님 강의계약서_1일차2강 (1).docx.lnk
C:\Users\RESORT\AppData\Roaming\HNC\Office\Recent\홍상모교수님 강의계약서_1일차2강.docx.lnk
C:\Users\RESORT\AppData\Roaming\HNC\Office\Recent\홍천복지관-강사신청서, 이력서, 강의계획서.hwp.lnk

